-52459
60461
-1852
66927
61117
-22530
-22401
-26129
54636
-44335
-12216
-40459
-16929
8882
65177
-43199
80470
-9127
-51794
-18470
-26738
-12554
-51631
64913
26810
19862
-39480
-72872
-29050
-25331
71262
-40193
38188
48013
4465
42876
-78117
86190
98542
9667
-54270
-91299
45638
37997
-34497
26108
-71131
13709
-92363
2131
28244
83096
94133
-44947
2957
-45348
-17819
53999
-16060
-27742
40895
10935
37535
-11093
-84600
-19590
10790
-98411
-93960
47547
74410
-85258
-6816
12406
-19755
-80709
41275
21043
54018
70496
-50713
37113
64628
4340
67160
46370
13611
-31844
-72543
97551
-32497
68352
-64426
32127
84348
78064
-87464
-77774
79654
-81423
69773
-18848
60409
90047
20647
-59347
36427
-38079
61696
-9555
59506
38072
54647
-48777
-57588
-51105
97593
-16888
-55860
52139
-92249
11643
20490
-56675
-56231
-68074
-78611
83396
81242
28132
29062
-21896
-90717
-83441
-31850
29930
-42788
31666
18940
45997
49200
-94465
-15931
3847
83848
-46430
-20169
8529
36682
23972
-39333
44433
62704
8246
87758
33563
40172
36236
-55953
21413
-35633
73109
26606
-99261
89668
94756
30669
73969
26422
76699
-52946
-24379
9323
-41788
6557
-6830
11782
13478
-98302
75553
-62551
-37635
19985
-99848
70611
-65168
33715
10782
-1843
77762
59284
62525
-22041
-14110
63264
94716
-92266
-78978
-4227
-38755
24810
42828
-36044
-65868
28129
-2398
27302
-60089
-88921
29000
42553
75618
18454
89628
75771
-10936
51549
-63426
26935
-50295
41426
-86693
39319
46474
-70328
-31721
-65979
-49306
64052
-77645
2593
-66032
-13689
36725
62098
83914
91116
29098
22082
-52796
98740
-2300
65658
88367
-99441
-45279
39915
-62867
81656
89621
5648
94963
-43972
-47878
-78751
-14300
-52510
82360
36394
-88459
-95286
66076
72600
-8974
-70111
-38214
-97972
-78996
17973
24110
-31792
16712
-78191
-66135
-67832
-77632
-84325
72083
86592
24420
-11208
-80672
19383
44821
98540
-32279
-69480
-53971
77170
-5996
84661
81884
87169
57260
99999
-82942
46135
29116
-61938
-35893
80316
-66640
7908
29214
94315
40076
-21328
-90010
-60752
-34737
34410
28040
-88320
80882
99950
-89780
75692
57560
-43751
-20050
-48437
-59091
-38166
-61269
25258
88922
82879
-28608
-54873
-79059
-37412
-74558
81391
70497
54656
75705
-62339
-66673
12784
-23091
-74321
74284
32039
-62640
-17746
31988
-52420
-42054
-10453
3829
37896
-31801
-28172
26819
-65980
97086
-57170
-83102
95568
-12043
64929
-41845
13399
46319
55741
95144
-50887
93403
-71529
61897
-29689
81240
-36731
-97651
-81401
45524
34338
-33821
30559
50974
-2902
-31546
-80827
68926
22363
-46807
-6900
65193
97181
-11333
80239
62110
46823
-79274
-64483
2563
-84131
-15370
-76946
71430
73617
-6634
52670
-63115
-77196
71269
9498
-15769
64538
-59944
-64795
88725
8511
81468
57650
57963
61750
77839
-49756
58930
-33494
-69518
-51872
40418
78298
-16354
70070
21256
68276
93125
-7314
-31019
-86421
72445
-67044
-63617
-29198
42454
-52296
62429
82511
-90002
51153
-81890
18555
-64109
76073
-19696
-86270
53406
66323
-19764
10977
-85549
47743
-10726
-74814
17812
-89471
20551
-61975
-69696
89533
-48396
29838
-77512
-84923
-99360
64942
89871
-9842
47452
99869
-58689
-7349
18423
-22798
95813
25816
-9068
49218
-80773
-1743
-39806
60768
73089
49468
85954
-9099
-12913
6505
-43985
-55520
-3963
-65291
74319
-54386
76876
2048
-89445
66746
92206
-14903
-6297
60606
4837
39215
-62192
-34970
-44171
-50133
-88654
-18824
10062
72115
-45736
86619
58068
-27746
-99206
91662
28270
-54725
-12302
62979
46683
-39599
39854
-51270
98047
-66312
68025
-89768
27391
-44280
15069
93695
-6472
-84282
85814
-23554
92676
97160
-15289
-70174
69274
38976
43534
-45569
-88771
44329
-53908
-33412
16693
-39120
-70434
-36625
21281
-3491
-60806
19327
-42714
34308
29559
11766
90028
-55372
5460
-89356
87436
-8727
-12909
80111
-84478
71802
-90064
11885
-62134
53471
66316
76186
-75112
39498
-57227
41581
-99623
99430
32045
-51253
-76973
71239
68075
-19686
5546
-75278
92080
-77337
-30650
-75371
-66693
83876
-57009
-52513
-8925
-41487
46379
1012
-2512
84245
81572
90893
60430
33549
30390
30293
-24871
30767
29722
-92827
79515
52749
5501
-25322
60152
38136
52232
60799
-4160
3950
21196
-20285
46941
68683
70790
32544
15061
98891
57121
7551
48013
86825
-58901
-21597
17117
-56683
36259
73928
77580
-57138
26677
-16920
17540
-13172
-78784
44030
66149
9104
-60131
97188
-69701
-53327
-28782
98983
44552
30851
-58868
-29468
-12029
-32473
5172
-64017
-45648
-26639
14386
-1442
16678
77735
-27514
-5742
-79404
26252
4427
-34774
-86921
-47268
36345
6318
61837
3303
3505
19225
49976
74723
-54704
-78384
5573
-13571
-80763
93544
-18955
-48501
56617
-37514
24860
98092
61045
-58463
75826
60620
-37116
23512
-13129
67312
15827
-72961
-79957
-47829
33357
8969
55474
63952
-71806
-67462
-34237
-99421
81244
-1574
-85903
-99519
-80942
-4857
-48020
75675
57629
3929
73767
-54238
45466
-23319
-93619
-91650
27282
-79659
2751
-56892
-52619
22794
-4721
7827
58853
-49248
-28222
87047
-89621
-35369
14715
91624
63057
28813
19194
82115
-76045
-1737
57790
8673
-97809
-41355
54436
47657
-37585
60817
-16904
89698
8248
85847
-67195
55629
-64270
-44826
-36545
94583
5926
-37677
8718
-56605
26954
-76568
-64982
-9990
-20666
54212
-27876
3289
-47526
57003
-88038
81755
42737
-6513
-43500
-94848
81393
39597
94850
-10360
-47468
54744
-54732
-84649
-90083
-64187
-90067
-57067
-74775
-54260
-13672
52179
96263
21346
69278
-24404
-97354
68491
5975
82210
25494
-54974
63964
95320
-34398
-79537
-99529
-53006
-12851
22410
36635
-33229
-22846
8992
-17878
-12929
-28106
-7944
-42907
-2881
-35115
43421
-50703
88237
91856
45664
-36167
21591
14155
-3103
-69111
66738
-30988
21942
62057
34614
-30505
62529
81608
56644
-87973
-54669
-76586
-10819
-18587
5537
3342
53307
24682
60435
-49574
16656
-69055
-73188
4893
-77200
72477
-4185
-28519
-86280
92712
2370
80458
-38277
-75688
42514
96337
-6193
-67869
5033
77540
-55841
50365
-99046
-39571
58867
-66420
63771
12173
-14649
-48705
-10312
-97994
-90671
-56410
6899
59219
43156
-97287
-69301
56876
22514
33070
37333
84237
-15529
-93065
7662
78278
-60933
39785
55817
-89685
-9851
-16140
-29256
-50985
-55471
61605
-11723
29880
39989
77966
31887
49318
48645
-61215
8536
-8200
68589
39236
-51325
-8898
99395
13097
-97572
-16135
20032
-62821
89232
59099
76964
-27863
69414
94202
-16913
67248
70306
27616
28852
-41417
-42504
-31160
63638
89383
-81843
12282
55257
-46218
31171
-49066
93018
79846
42037
19501
-7058
-28446
30455
40063
8733
-53225
-87214
-53998
95665
-93013
29089
62912
77294
-43296
-81148
62966
14200
-12308
-46308
-69329
-67062
65974
13018
-13279
-2856
63952
-93173
-95922
-66923
-46582
-75891
-68280
83873
64172
-32457
-61859
-92061
-73317
14085
-9935
-62629
42018
-29695
-90198
71750
-11681
70588
-53744
95333
84421
-21798
-33016
88000
-6224
53756
61687
55589
33736
-56824
12093
83974
-87143
-18316
35194
78088
-10377
-11034
-7828
6777
26337
61280
4171
54355
71082
-24080
-57326
41670
2176
-83981
-35909
-86314
-5779
31075
-98315
15086
-88081
-9539
-29326
45656
-39274
9856
-43282
-26417
91541
91913
78761
-91748
-92033
98022
-57881
-38606
59301
46290
-84252
30383
49300
85512
99142
-48525
-98470
-36768
-34839
-77159
21396
93936
37927
33315
-88515
-91399
-93941
-27788
18457
-37222
-27116
-62914
81780
78734
-54661
89747
76756
-85453
-48860
36056
-12074
93979
93528
-62775
79490
92669
-84210
8110
82990
-91960
-41960
4385
29066
95967
-62300
-32360
31657
-56241
-33059
77204
-66374
-33085
41379
-84595
-54352
13807
32242
-77597
28354
83382
-14451
-83720
77360
-20924
80595
-16061
-28255
23474
19138
81824
-41396
77178
-13791
87670
-49002
82399
58980
-5243
-50660
36183
-44527
16255
-95350
-29122
61903
18458
-96881
11396
-53189
13591
96945
90181
-81961
-96891
-2135
-70933
-98057
-78662
48205
83768
-92969
25382
-30024
94701
52705
20974
4189
11684
42820
53529
74956
98293
96873
79606
96261
-14136
-1937
26469
97260
-28036
-59941
21293
-37856
85189
24403
60009
-85745
26346
8437
-10450
-62798
15468
-85069
7178
-62742
-5275
-71849
41447
-93592
-1939
-77936
81364
-76558
46026
-11941
-80298
-68111
86122
46172
56239
-41915
13320
-95380
-52681
-1492
29023
34417
-60147
82459
69943
29403
-80340
-14589
-28577
-46072
-50242
66149
-90832
18294
7229
-32553
-91901
30672
-86528
-3842
-22537
-54639
-90632
-76366
-98401
-32546
-35956
33310
-58138
-10359
-37668
76279
29494
71880
-26689
85986
18630
58722
-42591
35569
50647
8815
-46138
-49708
43134
-51602
-41609
-26195
-38130
-18362
-21643
7231
-8993
-70919
-64080
-14450
-6875
69230
27412
9855
58651
-69221
-60651
-42380
4090
-74666
3339
89901
-90168
-97015
25469
60479
11800
6420
37861
-45067
54818
96252
-44173
-83313
-22110
34185
-48992
-4014
-9645
-85983
81536
83480
10336
8947
-6666
96076
-33185
-40228
80785
70906
-87804
-15877
60806
-77972
-12892
-86636
9597
25998
19784
-52543
8020
-98309
70798
-9063
45468
75777
52211
96476
-28238
-57435
37582
-46703
-73956
-52083
-10667
-53533
71083
56149
-66671
51867
27054
-54475
-64010
-85052
94643
-49813
-71688
4239
3274
-24814
-21215
-88706
-23123
-50417
2231
-77656
-74641
-45559
45910
-75789
-2994
-89420
-22492
-49861
-41502
-6069
-76305
-70420
-49921
-42976
81447
4222
-70362
44526
19170
-75719
94714
-25428
-44391
-74924
49758
-38516
-63630
53724
11067
-34310
3157
-36485
-52780
76156
-85185
44226
86737
-7676
21454
72324
86255
-27761
-98097
63423
-43648
10439
-32356
-14009
82055
86814
-62639
3857
-38615
-79941
28933
38232
-18457
65304
-8045
19699
58083
22202
10304
-94697
-1643
25119
-23382
-14907
44532
25162
-42584
-42125
97401
86409
48387
-46248
-76063
-83970
-33168
-94009
29934
4193
9848
18408
-48658
65870
-43360
-40026
-41738
-24316
6763
-83655
97886
-82934
-78352
-3757
-30726
-1734
81336
40896
50517
65842
25860
47917
52250
-25753
28759
76187
-9723
95591
9267
47300
-73127
-80886
-34292
-21785
84985
-50563
-34722
-56754
25121
72041
86681
-49904
16196
-91672
46339
12560
-66316
-45237
-46545
84201
-79396
79315
-40793
80651
87966
-23870
-29072
10645
85398
45317
37518
31601
-88976
42822
-56326
-39539
35190
-85990
12672
7230
-99310
62768
50516
36109
9106
-36925
-3118
-9042
16530
-91829
-61348
-77067
-32622
38596
-96416
82433
-85275
-98399
-6922
27212
46918
57685
85903
-14968
-72404
-70424
-27418
62786
70676
85254
97105
71367
48021
47620
-65436
84216
-89306
31446
-97737
-45687
39617
-59085
-22753
34085
79511
-92080
-56394
21325
36611
-36227
-51463
-89383
-78542
-65561
-4351
76144
91105
-4679
38929
61781
-19426
36033
-39764
55685
-89258
-5200
-33011
-78564
53335
-30748
-24250
-79960
-62744
-19914
54125
-83234
-84905
24821
38092
51706
88594
13718
-10588
-89949
-24754
85062
13284
93440
-92529
-47788
55220
-11955
15335
42545
70819
26077
-62656
64898
-25398
90679
-65851
50352
-89281
98496
57527
-8067
-84739
72622
-83247
-19558
24327
32437
21249
-86261
-30423
23584
25890
82862
17024
33361
62163
99333
48495
-22503
41878
-53597
30663
6311
-88700
-94735
-3010
72539
-17294
-65202
71034
-59767
-46180
13385
39944
97664
93827
91361
30100
-57835
-94901
99677
65749
-41922
82538
-90139
18528
44701
-90806
94112
49287
-21839
-59486
-92961
84472
-48186
39394
-91450
-75647
49189
70438
95387
16511
51348
8771
-43545
49011
-70313
-52185
-93801
98942
80004
-94125
-8221
-61919
15503
1641
-16302
87293
-62076
-22191
-36332
-56826
18324
-29293
-72355
-2773
37190
63286
21580
-13621
-39188
-55944
-97111
-87841
-20084
-40656
61170
-63308
-65752
-5542
-64367
-85749
27413
79422
42926
56143
-36881
30218
21156
-31982
93886
64330
86342
91683
19064
-89343
28872
-90562
32238
-84750
-29749
3383
45230
-17590
10388
-95427
70670
47081
65912
-34873
9803
80163
-7450
64305
-13326
-64525
-52464
49793
65693
68692
-82190
-13332
33021
31241
-21650
79175
41899
-92779
88613
-98775
49562
85953
4608
-5209
95453
-85005
66122
-10835
92365
58338
98969
72528
77978
-9638
-40799
-86548
37899
36083
6235
6590
-19017
92903
66701
-87777
98342
-27036
-18789
-94438
-38424
-17564
55124
74619
14133
-50086
70071
-43782
-23632
36192
-27528
-31268
-78382
98530
68349
99596
-11108
54639
40138
-73210
-82189
73462
-39531
-1206
-6547
-72831
-61894
-8206
-53593
-75555
-11201
-44068
79570
-36583
70066
56573
-66513
53373
60030
-3232
52934
55852
-54525
51464
-48711
72161
-59645
-94072
12298
-32855
50829
-87152
-45297
76712
6301
-18127
41907
98095
9095
88314
-77461
97894
-55754
29198
88400
41401
-87140
48976
-78138
72890
-54257
74796
28741
-81692
26259
7120
90469
-6297
13048
-70145
-12063
90966
-57297
42641
67677
-23907
-75487
9583
-25813
-39303
-75014
-76185
85681
-30768
53014
74080
37722
65874
23056
59584
-34148
-4112
-38532
21683
-58715
87728
-71198
-68247
-18570
-31061
88698
69368
-40096
58490
12008
54670
-65418
-36390
91342
-64142
24307
-83673
-40326
9987
-87352
39777
-88844
50370
-67261
-38699
-62958
-1409
57189
-1489
-79727
25564
-86673
-50925
57317
-78154
18014
-26896
91214
5007
-68407
-69690
-40324
93266
-6080
-48982
-70877
45317
-32655
-84114
82393
-92917
55663
93549
57453
15491
-45151
21585
-85918
39128
47185
61445
-35309
60512
-89480
49097
82358
-44377
-77800
60631
80884
30971
-79694
1238
51981
98414
-42550
-75614
92849
-26663
-93222
99932
56089
-99673
-15527
-28420
82266
-93943
-87249
21393
53242
74196
86084
-59158
11805
35181
-76800
67429
-15530
-49050
-44852
-34647
9010
-24546
66591
-39010
-99043
51131
-87535
93806
2424
-80447
49713
-87471
48762
-98061
-18584
-27703
49182
63329
-66423
79968
74149
-27831
43174
-41484
61665
9365
64753
-15549
96301
23474
50907
65283
-75018
8777
39543
93937
96965
-58034
-86511
-26234
-30750
53109
-77472
98279
-65476
-5175
-25451
24943
-44509
-45484
-73820
27660
24779
-15304
-83586
-74908
94061
81167
9543
90362
-68271
87539
55644
-43289
-3684
-77725
-49352
-79631
91331
91227
-5864
87670
44335
-56247
85948
5949
38578
-39504
-69109
94069
15012
84161
-51183
66880
-31143
-34769
91973
-37083
-53603
-71396
80368
-21874
43233
-36900
-38073
66638
-14625
-60336
14096
-96205
-69110
-91769
91465
2315
79074
77413
35353
17651
64998
66244
-61192
-19990
50404
-12374
-53111
46350
-20054
65951
36357
26344
21645
16724
31559
91967
79825
20575
58604
92289
60239
-27301
23173
18219
-91980
14638
-79467
87094
-80861
55886
-68166
84137
-50782
97732
91236
26711
-87554
65215
-99850
-7607
31165
36507
45826
79899
-46770
-22616
71865
60144
25049
-42443
-20478
-14713
-42654
-97306
-96495
92456
-55579
51128
6638
-36440
-65898
38472
74787
-89591
-36707
66022
-35790
-24261
31236
-35640
68132
89491
-99134
13957
69389
81186
18431
-31657
41330
70569
25900
47941
-44145
10335
-22276
86451
2790
22146
-35333
-90572
12795
-74141
-25011
-12419
-63732
38282
-46397
41111
11928
-8073
9242
1418
-7207
50289
97897
-98932
95809
-33761
42398
66377
19228
-82573
49321
-70437
-4849
-37140
-40558
-82704
27528
95960
30092
-19524
-29051
44762
16744
36320
98365
44312
-22570
-62618
63328
13762
38800
83211
91140
-36215
84279
86948
-42887
-46235
-19587
76342
-28808
56823
32994
66343
-80317
19525
83640
-25700
15485
-59180
54776
86434
85582
98609
-50158
11036
42920
27273
48418
-66663
68124
-85694
-83453
59263
-21908
-99175
-26701
35205
-45410
53712
-61365
25782
10534
-1282
-7876
30217
-81757
-97148
31606
-39183
70762
-13619
74340
56344
-15010
-75819
94469
54999
-21457
42886
88336
-53334
-15719
-95118
-94072
-10538
-94293
-20773
51757
87387
60028
90392
13168
-29438
-83801
32382
27868
-65558
35234
86564
-4741
5996
-27056
-30402
89429
57934
-79132
83897
-59978
-46129
-71643
46078
-34759
60330
-20904
54704
66037
-14588
6460
-19487
-54560
-76060
93681
-56909
-59861
26062
-1952
-98330
88386
-15389
-75982
-78530
-15355
-79295
-89102
-57422
-58426
21884
-90311
-31925
75755
-61953
41242
68085
98377
-79663
22788
-8498
5750
56337
72015
-21721
80278
-7215
21370
47506
45936
46507
49177
34321
-68882
55791
-57148
20990
-6222
-14570
-10347
-84339
-77791
57728
18505
87346
-1031
-13410
12811
19307
-90623
-95688
52146
-7196
3417
-69576
-26919
23291
-21117
47676
-30774
52479
-3148
30637
10686
24226
-13573
53538
-54785
80206
66058
34868
22956
88267
-80316
-58539
75612
18653
28051
-11578
65049
-35483
-80177
17194
57321
-49671
-25293
57491
73620
-19321
5167
69936
-66842
29108
43844
-46667
14088
-2618
-74363
-78618
90529
60505
44339
78795
80189
85800
54406
-74069
-59061
69917
90980
-67455
89740
-64737
16956
-59931
9970
-98465
40778
17739
6702
-62198
-22014
62900
38374
48919
-83768
-47538
-53700
-58130
-26156
63918
29464
-81818
42712
-63258
31071
-75794
89763
94123
80742
-41266
83863
-83996
2779
51021
-46936
4314
-81113
-2108
38106
-43310
75878
1005
95064
24796
-55674
74615
-1814
-86715
-51541
-37897
-30161
93731
-95185
-66330
-48109
56111
-76568
-21921
50234
31263
-36098
-38815
47268
66681
-87795
27421
98085
58182
52402
36190
-85129
28279
64284
37025
80164
35699
-61272
-21651
48985
-85724
-32458
45913
-91993
99447
79583
86988
55557
30104
92156
5790
-38634
-43942
66975
-91367
49828
6269
-36857
47912
-35549
-84456
-15899
-93589
-29088
75474
-29475
-48924
11173
9254
-43486
87247
23530
24056
33159
-41374
23502
-60170
72703
-93852
69934
64859
11938
-68701
48006
-93998
67023
-2167
-60640
-69835
-54255
3811
72800
-43065
-62688
-56289
-67591
-65074
-5213
-29329
44180
-21609
-42083
94800
-97554
18165
80515
-46962
57995
-19693
-40814
27928
-54835
-1787
59227
20260
4215
26249
-81908
43576
-16496
90927
74476
-43697
-52138
38877
-72897
-92640
73804
-51020
-94880
-54928
27371
90127
66961
29817
8291
47476
9944
-33715
-72218
69130
21302
-99964
-32657
-92383
-52615
-1353
-39044
-34523
-57778
44460
-43596
43788
27852
-68645
-17336
-17956
65805
83557
31024
70925
-71371
85484
-11860
22679
-57610
96431
-29846
52334
89805
-74975
21464
-61805
52151
15896
-54188
99536
41632
6768
92103
83855
78317
75596
-45269
6168
34040
-35516
15302
-51959
-53675
97858
-96241
-68191
-14003
26438
-25801
-90484
23682
53622
99321
-24204
-97826
-62485
55037
18070
-16673
54572
-40298
17185
-26237
70646
-4499
-50642
52466
28759
83398
-83051
-55940
-16759
92080
-82526
-91813
22928
76373
-5816
-50634
77661
3700
31283
-69891
3022
33457
-32376
-41942
78617
-21959
39720
65408
95226
-86518
-36858
-82185
-37159
-84393
46574
73328
-67444
17723
83659
51726
-37713
91846
-25347
-61341
-86881
-48892
43410
-56092
-21666
-25308
-25982
81357
35238
-31269
66504
-59057
-26139
-66688
-93650
-30914
-53205
-30508
-86009
-63275
-87812
-12346
-89948
-55255
32467
20800
23560
94754
12646
98213
60502
25765
-50679
3911
-3238
27655
5692
70780
-63900
68020
66601
-97396
-91038
-59539
-64084
-84687
-63363
-90200
-88106
-49372
73615
-75917
38282
10757
95918
-29252
-68444
19477
92591
-28709
17689
53093
24145
-5901
84093
-79093
48844
-10215
18776
84944
-42196
-14624
14637
-33234
25838
-22357
-90832
62475
-12557
48153
-86898
88148
72236
-21527
-1096
-4758
-23689
-42451
-85282
95991
28841
-40504
49083
-47015
53596
33176
-26108
-70472
50050
92669
-85529
-92147
-94867
-43802
-98292
30971
33841
-89123
-6555
48373
59030
-66364
36520
-41646
-60801
62513
53596
-57401
-79938
-4597
-61411
48903
54899
14762
-98113
-64417
75027
-97131
-34889
25076
22627
-93328
32929
27760
-37130
34637
85821
96711
-27397
-93646
45083
58722
67081
-91308
-82925
-93721
71205
-2240
75968
91267
93163
41646
-32742
-24849
-43593
96236
10734
-68567
99105
2935
56509
-51180
-63304
-83474
3669
-21747
-10511
-76635
50856
-4156
-4463
9578
-37076
4229
-46258
96293
-97477
51503
72260
93790
44665
13905
-38952
46905
-2598
-42717
84729
28835
83477
-12337
-87567
59386
-48552
-71041
-36946
-21897
7212
52544
1468
85158
-51613
24094
-78176
11311
-71677
-24434
7603
-69154
54158
-93049
51725
-74088
20856
39862
72817
-81743
24234
57545
-25818
-65201
72297
-13385
94185
-76256
-57337
-42761
1847
-23035
36872
30404
89212
85259
-45502
-88965
-76342
-90090
-86310
-41650
67846
67849
-34699
-53341
93761
13246
86522
66577
-41407
10755
24122
32775
45555
-76493
46479
-33172
-52748
16231
24067
-23812
93196
-39062
33682
9496
73286
15269
20531
96944
25179
34222
82383
-79887
2070
-38356
13785
88936
-84287
-26206
81609
21323
-93020
-26503
-37546
57058
28014
49237
26281
72277
-28128
39069
40442
-32737
57303
79443
-9277
94224
-32470
27978
67389
75871
68558
54555
66085
-69798
-31661
55021
-54085
-30778
-36282
-5673
-96709
37215
-16129
-12561
92319
-66893
-86281
-8316
-67932
-58698
57843
8565
15145
-93870
99288
9368
-26340
-45646
-96155
76620
-77088
58400
-30206
80204
53828
-75186
53208
50139
-84379
74624
53431
52837
-41506
67959
45155
-81310
81678
-63162
77848
50069
94681
-22554
85723
-63085
-16424
85010
-26628
57237
66453
-22782
-39055
16454
62707
30739
-3343
-56376
-17358
76954
93763
-1736
51578
-25718
78190
37161
-57760
23344
55852
51007
-12729
33699
1075
-90959
38235
-86114
-54044
-78190
98896
-53583
6136
-7562
-49276
67082
-91109
-86569
-75091
-67362
84145
7552
-90409
77907
32905
61169
79279
11094
-74581
48608
61527
81271
-51203
-57942
27779
84928
80293
41666
57973
29193
-32350
-95610
-64672
-12823
82204
29499
-3931
22724
54409
28707
6868
89050
-34613
-88136
-50957
53646
91143
60137
79065
39750
-51248
-12576
66454
-75362
-43429
-78678
-90434
63954
62988
67539
-6854
57727
-44437
-55096
-18778
85063
-31938
-96055
-33440
96769
10814
82699
89245
22678
-68259
42890
-59091
18967
-50957
80659
67719
36467
-25798
19446
20128
-4476
29012
-15919
85601
-3449
4316
43327
22658
59879
15320
-96121
44941
83382
-92175
38590
7239
18639
21288
-3516
68406
53029
66463
-90686
99085
-84494
17062
-6108
-20938
91264
-86662
99190
-86124
42350
-89641
99477
65990
14675
-30107
-11352
-25446
85213
-7473
46584
68595
-72559
-14826
-24167
-26831
-93539
-58426
-13420
-34131
-49112
-87247
-91536
-4960
6646
-85385
-86608
19984
40895
-72731
89423
51254
53835
55413
93019
50817
71150
94662
36030
90766
41245
-68287
-81793
53508
-65365
-8624
-12941
-38869
-39960
73639
-45911
-61983
86392
-37447
33057
-6963
-95743
46450
40110
45152
29533
-76505
81732
-87966
-83487
32549
83184
-88826
-31422
1038
-20492
-72620
19245
-66984
89105
37711
20075
-49765
97751
-79198
4324
-64233
34283
-6034
-4086
-72680
-1776
69453
-5481
-56625
-29740
-75949
93960
-48009
-63915
37562
84540
46358
48736
80207
-52604
55334
34676
-6270
88350
23781
-68560
-64487
74016
56280
-43685
-21660
19137
90598
72306
42140
45007
-29471
11592
-60474
-59006
8941
90667
62043
60932
53842
-27439
75430
79857
-25316
30763
14533
-4496
19112
65403
26944
54625
39418
-89687
38029
44847
-43461
28627
-55758
98679
-26367
14771
10270
-59752
-17146
46300
58005
71987
7231
11846
-28409
6881
39134
-52980
-86173
-86182
77784
28360
-63589
-76016
-6238
63355
5699
60269
70817
5116
-15615
49358
-16937
91218
20422
-32497
-98839
-33279
-74493
73148
1042
37353
71828
-92078
-96424
-81153
48839
44484
23720
-22802
80895
-25206
-1951
-28662
7582
85408
72096
-21602
-82388
-43520
77842
-5941
-33367
-94904
-87635
87055
-27401
-86474
80866
-74804
13763
-18093
62549
-14410
-83082
66125
-68473
65758
-62303
55247
70045
-81409
57130
95184
-10070
-35289
80591
-37975
43110
25292
-54406
-51960
-80650
12227
80226
-68285
-73629
79914
72332
-92764
-94891
-13906
-83768
-5252
-1226
-66850
87962
-42610
25997
-74341
39726
-76869
-55750
-3144
-81686
34180
61567
25994
23294
-68235
-48715
68889
-93106
97725
-91796
14209
-70561
-65425
-5877
28860
68901
-85046
12222
21069
-59183
45373
9031
-1793
98459
34690
-62068
-78411
6029
-38123
66993
-59791
50534
-7014
-9408
82299
-28640
86570
16283
-30916
94775
-69509
-74387
56439
24614
54473
-47571
50936
-3484
64651
99094
-35578
-62888
8124
62629
-64429
69903
27651
84250
-96979
89528
51243
70320
40061
71318
-39089
-50551
69768
-52519
-7179
65941
-57745
23312
18643
25783
75016
-26884
78212
-46960
-3279
42863
-47867
61144
79975
-12653
-49139
42635
-42751
5601
26885
-39730
-4871
-94784
-69411
62279
76534
-81410
38817
-26610
-33929
-68363
-60669
-64585
54950
57974
61198
-42946
58179
39410
-62817
81990
-90639
-10684
43133
89336
76663
21083
31971
61002
-73316
85945
48361
-51098
91161
6040
-88820
-5217
24630
49998
68174
90701
81635
34594
53205
-36327
-80344
14402
-52184
4925
80901
-15001
-13086
90262
1405
-69954
6687
-94844
-21782
-61343
66158
4902
51691
14519
53804
42851
47648
-7926
-62367
-27723
-57929
32896
90067
50795
94579
43271
41558
-85765
84762
16463
19160
65663
-98538
-93927
55924
-70044
63209
-37390
-64888
-58574
-71644
-98730
-26582
80047
-57122
-72779
-50014
90526
19295
-85291
89892
-11545
47605
79958
66340
-30727
-49683
-65014
-16492
-64922
51449
29757
-99260
-20000
35830
-16246
9956
-73873
-26547
45069
-32447
1810
-26572
40971
-91055
16306
-4718
86022
-66080
41666
-99270
-76189
57211
-24576
30858
-49361
44697
8264
-14375
55294
43342
-62927
-14950
-28828
-55837
47969
54926
54119
74096
-71622
-73724
68739
-42723
-63202
93313
-83991
-40831
79334
77019
-99165
80064
27919
58046
82577
85866
-91316
27274
-5871
-78602
-17433
64561
85561
67618
-64268
-70277
-57325
17747
10932
-83229
-26786
37208
12599
-42419
-63088
49397
-49107
80011
-91434
-69774
57030
36491
37379
-15052
-78375
19955
-29186
57399
74318
64943
78797
83975
29503
64357
51592
-7676
21170
94267
-89930
-67899
38127
-16715
69309
-49275
40866
33310
27212
18848
13321
35778
-23837
-29650
-27732
-86459
55298
-6107
-39415
53201
-48709
61993
-54767
57177
45967
1825
-51378
-75353
94150
69792
46003
31309
-98108
-15870
41683
-1709
-38056
-90363
-68400
89156
28485
44921
24933
-95353
42360
24290
45278
-2342
45272
32953
77948
23652
-5055
-76820
-92083
-59089
25006
-43460
-34442
19155
-73669
-88440
77553
55314
-77221
19236
80694
-15276
28873
39383
-26121
-42642
-88607
25902
89095
53753
77281
-38538
78500
-50358
94415
56448
73294
-83552
79628
81212
-42641
-68278
64841
-49994
-22034
91172
88656
-44481
-26426
-88565
74755
-45733
-3841
3627
20740
-2873
-11926
32133
50118
-95742
-14115
27399
-34280
-35615
77041
87224
47922
-22577
-96329
-45362
85724
88120
-13639
50564
-61875
64327
-31175
53870
46935
42399
65305
21689
23756
88553
52406
-55505
-87231
67569
3717
62887
71827
89602
-82626
-62454
81076
94415
51859
28997
98928
55530
83636
11740
-29262
97086
-37696
-64048
-11499
-41782
89823
-64564
27706
55127
-15786
78551
-29231
-63381
50135
-16462
-95812
-46149
73514
3104
-56547
90889
40651
-75472
12392
-7491
-19385
11319
75129
91340
-76941
-54134
15514
-87548
-18181
-95986
97760
-28359
66540
25465
53857
-49246
4016
51715
-85538
-45850
-64748
45740
-64909
-91234
-51156
-21456
26744
16584
-69839
-60865
36182
-62135
50455
11310
-70796
-15734
44718
-59856
66085
-24178
-62097
64815
-57639
-9543
-54240
-79796
21562
97476
-65333
75713
59817
7496
-89197
-4328
56340
49957
-11981
38603
-9972
-31440
99235
-50280
97869
-59764
-95544
12154
59679
-27157
-11728
-39679
24280
-78477
25488
90131
7240
-46419
53369
20781
14592
67592
77793
50351
-50953
28874
11820
84234
-94081
26929
-50074
-76963
95489
76250
-27243
20447
-83514
-95698
59690
76165
-22854
-52039
63575
28515
96574
-10937
18645
3813
-30267
99103
-75407
11414
-6217
29475
-38236
42830
85438
-45847
18447
54692
-68832
41484
-22731
-92583
-85760
97716
-76097
-81458
57405
27158
-77223
32455
-82179
-21619
29028
-66027
97026
59930
3706
23217
11612
-84880
44090
-58913
-96027
-13081
53614
-68264
-31839
-27940
86428
-86457
-36303
6747
54873
88502
30650
-27004
84897
-49629
-94550
-97282
28753
-38432
-63309
-47133
48587
-32513
3174
-39801
-17393
-52737
-71625
-86331
34182
81989
-54594
-97657
81139
-68167
1672
21771
-77381
35508
-96267
-88879
93248
4238
-15883
78144
-18302
-83344
7951
-89550
-94687
-28268
-36682
53901
39219
-6419
-85901
48915
40844
69564
62584
-97886
-21359
35079
31547
-40221
66913
60309
8640
16621
-4184
12373
-45169
-10937
43700
-33963
94297
-74603
-90217
2247
62938
-84904
73979
53345
68997
13197
-53075
10185
-37889
87769
-93163
51785
89883
-14521
-13137
21430
-27653
80865
-18262
80987
-75425
4643
-79552
-20594
93707
64148
45444
88003
16635
55227
-82662
-20428
-2588
18407
-67084
93499
-68397
-20159
-69228
-79196
94699
-62390
11670
-49822
86541
-66901
22525
-5505
-58074
-69399
19070
46570
-48951
25565
-32635
-84803
-28992
-44633
-41079
53324
99795
38493
77826
18201
-1502
71324
-23106
5428
-97905
-75213
66795
24465
-88205
-83028
-61906
71985
-33413
-40322
-86090
-2812
78748
-12431
48237
4313
54934
-9477
2410
37390
-23467
82824
37185
-84975
-12262
82475
13523
-40939
-40632
-81050
88246
-88756
-53835
-17870
35709
-42039
57035
65689
60571
-1966
89966
-33592
85604
-34708
-2190
40537
-17096
27309
-22073
59438
-62779
42201
74463
24959
24675
-84925
11109
11133
61115
-73556
22377
-92720
8574
85176
92331
34765
-13932
49365
-72457
73728
-52602
-82492
67225
60091
-17200
-34966
65705
19433
5644
-47769
56654
-52156
-73307
-91298
68858
19811
-89260
29973
-26656
-39793
-35658
81918
-54618
-43328
-56228
-41461
33126
-28685
-67734
7613
-84088
26581
-32296
-74198
18704
-4579
91507
-61864
-98936
70827
21880
75998
97520
30582
-97306
66378
77482
40525
-76561
-49174
-99269
-12219
-67257
73203
-28458
-23485
-68259
-95333
-25081
-35993
-60631
-9168
90588
-65838
16634
-63619
29583
-64771
-25483
-42264
-93945
96397
60823
30664
26978
63518
-75870
4460
-68869
-52431
-17625
-68138
35350
15118
-94936
33981
18723
63895
38648
93642
-72099
5107
-88438
45579
39269
28196
81960
95942
-9486
83566
-46323
-3431
79963
41590
-72767
-65971
-67804
-48637
-34422
-36673
-73978
47953
-77722
-11539
90161
54432
-77558
-64028
18326
-11821
56703
-26684
93286
68266
45984
-40356
-76450
-44968
-44415
14065
-61402
-63649
37723
45650
77941
64956
6768
-89864
43409
-99448
-3480
74478
-77170
84981
64638
77262
-92578
-99391
-4413
-4398
57313
68904
-11113
-47333
14887
-24380
-23783
69920
31205
17371
35607
67557
-44906
-18744
-27414
47139
15113
-17277
-82364
-85452
-89636
14156
89027
-66805
-19247
-89544
6559
-91548
-66867
29250
-7146
-97964
45227
45521
-55988
-79154
48827
41021
52052
-33802
-23373
-53303
21292
-15028
19283
-31570
27175
29095
-13933
41723
39460
27312
-42162
-73552
38592
10200
-39903
-25867
43333
16436
66987
-27542
-38338
-60404
-56440
-17491
88423
84581
61650
-45380
88298
35436
3001
-99642
-45282
-1479
27533
10903
11677
96346
77452
-61012
-45817
-22805
92527
19864
14484
79713
93997
84907
-3852
60983
84454
57811
-99422
-71987
67409
16091
39684
29058
-2200
-44930
-35507
-99199
-44572
-53700
-73589
82962
-15708
38088
6396
-38257
4165
60579
-33973
-3309
-19557
80512
-23597
-25561
-7493
62512
-23040
-42549
-9821
-67937
51949
-93731
71747
-18994
-68841
-73184
-27412
-68040
-90667
-54023
-41629
19384
30270
23548
-74221
19102
-72288
86359
12219
24404
93891
-7270
27896
95419
12326
-72464
57930
89286
-87924
75199
-78652
64025
8557
20184
72120
39716
-25911
71797
71676
-16577
-82226
57136
-97194
-24867
-92228
-71414
21324
-64515
-85056
-66458
-13022
35924
-46639
41963
31342
65687
-3411
-10728
-17938
8665
-35530
-69501
99780
73027
50684
-1012
-60168
-75228
-29215
-88493
8195
-84352
-4267
-61909
-82130
3505
-33323
39194
-33921
-91290
72737
-19854
44634
-73903
-77891
-24025
91785
18698
-7664
-99065
54452
-16105
-68566
54231
84012
82118
80309
-76157
33980
-48907
62440
69264
93831
85262
-92646
-88300
-84144
-25969
50894
-18065
-90170
-49281
62082
-18447
-23183
11280
-15382
95691
-70023
76954
96626
84429
87939
55149
-34251
71950
37267
-53943
22882
-28754
-75761
-87590
67599
45159
97673
74954
56859
-86472
76074
-65159
-77448
85905
-14439
11723
94547
-10533
-76998
-20836
-87754
-47021
-43882
35961
64498
71146
-8891
57336
-29816
55465
30482
93066
53800
-18190
-94525
21399
-73032
30237
-3648
10916
43765
-27575
45757
-6593
85419
58407
-94871
79966
-52127
-71868
-40871
87209
-91800
-57664
23169
40571
41368
-42878
-89246
-3168
14693
30909
77722
96503
-36526
50560
93711
22561
-38525
-35435
94986
-92768
57972
7494
65639
63101
-85452
40602
18322
-99234
27810
26523
70193
78069
-73691
10763
19436
-89479
-51393
43357
25214
79516
21078
-51194
-57011
47287
99366
-63300
-30153
-39159
1265
91923
95163
86326
60801
-23485
-58947
-71509
94838
-58181
-16609
-51551
-87989
-38541
-98153
-50136
7984
-87632
-1529
78430
-35328
-22014
-73403
13478
20976
73884
-60068
-15235
-56269
13119
-64347
-4065
-37842
83826
75959
3211
39406
-2115
-27881
-77204
46334
-88780
-88656
48182
-38916
-53583
-12361
59555
-75153
52311
64630
-48556
92878
-14395
52417
-67190
-2541
96148
33583
-89423
58890
56608
-62890
48137
-32478
-86931
78437
-93073
-61957
-49444
-70276
84378
88866
-58932
-40352
-50051
-12514
47287
36593
-60578
-73313
1222
-82045
-80436
13917
70372
-47626
-88625
-6391
13047
49043
79588
96744
86153
27725
-35735
26311
-66750
-28808
64355
-89105
-71995
-24179
99761
-30926
-37442
76799
-16351
-90156
13391
23071
63621
-85387
-31885
83186
-44381
-61514
62649
94084
-40816
-97216
43126
-61228
99528
-43632
66497
90882
9768
99747
-37926
-98789
37732
-9921
-22968
37492
-13758
-33321
14291
-3020
-23476
-72319
47140
-59856
69384
-84746
50419
-74998
-46259
13068
46176
12925
-57059
-10699
-21214
-57531
-27242
72372
60440
82527
-77487
83738
-63061
-60318
87860
74431
-46987
-45462
-11279
49994
-41849
-56508
-2867
-74615
39965
12388
75804
-7943
-6782
-84040
-61768
33232
-41098
-45378
-87982
-71540
27381
84390
88900
-63004
-89314
38503
-79267
-52375
5274
35682
-77944
55314
13669
-77504
-70661
-48075
93339
98741
-92750
-98151
93416
48208
-58261
3038
-75068
-49079
-20037
-11888
32917
-31600
-59437
-57992
-14050
28185
-24950
-50172
-60302
22651
-70220
32491
-3631
53867
-12195
-89963
3452
-55767
89052
-3209
70063
96302
-1360
63478
-28402
-32532
-33485
-3470
-54521
-26432
84642
5485
-30943
-74796
47494
55007
-19521
49633
31924
20177
-27717
61704
-47333
68652
-57340
-32439
5778
46112
11794
-5171
69992
-18143
-81781
95721
72424
-10183
90279
-61061
86347
-64243
-60404
-1922
-31669
8653
-49629
-84176
90750
30850
65457
22673
-48974
64829
-88534
3694
-39431
-45874
71255
66347
27327
-89862
-38825
-2681
-80916
-93517
-6961
91508
-3700
-89594
57536
-90264
-53837
24221
7814
-58416
-67126
58185
-42592
50713
-10965
49955
-26615
40061
14783
-88060
70844
75353
-33934
-30812
-31212
93394
-93585
29964
-82199
-74501
-36464
-62071
44096
59837
-51664
-71279
-3338
-78412
52942
-95525
-36828
12905
62660
-52330
-36383
78784
97625
-35908
-54066
12407
-23968
43867
-85152
42099
-86946
-16363
-37419
46559
40690
-92529
-95775
-54600
-56757
-8849
-79175
99054
87813
-57586
51995
92288
5586
-35100
-17963
53256
28517
87910
-22031
19698
-66157
90377
95731
77711
-94776
-35082
17854
-84050
-45412
91503
56640
-37941
-9351
60866
-65452
-39019
-47984
-44626
-39966
-60171
-75123
-87971
59206
-42448
-95982
-58758
37898
-40376
56242
-84134
79323
90085
-93758
75053
-5116
38557
67060
39828
54507
-78353
31330
11147
-89205
-78022
99102
-54657
-17040
78207
-72194
-29917
45125
-47317
-17888
4331
10236
-86781
-27338
-51867
-27156
-71097
-36001
79256
46078
97332
-18603
68051
-37023
-51544
-65033
44573
-29897
-6614
82809
-19102
-57546
81910
-46670
-47497
-12794
-18863
22586
-67670
33820
31788
36661
71145
45007
36413
-80723
44940
-7595
-89634
24195
65572
34787
-94409
-39288
97764
-45953
-4321
42336
-48761
89066
25145
32137
58609
-65857
85468
-88889
21349
93694
33697
53680
27513
-34516
-82571
-1342
37581
-19069
-54976
-17480
73337
82480
33805
38908
17266
39396
26709
15029
20533
-77612
84455
71772
38543
9599
-69002
-75760
43742
43555
-64649
-34909
37248
-3863
45860
91850
-11289
63289
-82404
-73709
-55780
-37379
-64100
44646
-54900
69705
-89358
-10544
-63810
37352
31574
56723
-13171
16028
-44417
52461
-74374
-13419
76701
-3542
57225
-87949
-11362
-5528
-64723
-65503
-13678
23988
24875
3918
50279
69095
-6372
13269
13740
-34182
-17027
-48528
55274
-53748
88824
-86064
-97026
-24348
29965
85648
55202
-17320
99318
31902
79138
56543
-28958
94865
78104
6319
-70639
91515
-69693
54237
-4567
7675
-49580
16150
-79057
-8750
9057
-68994
42722
91420
-22742
-41366
-94644
-92678
-38625
35321
92970
-83424
-82000
19376
48478
24228
-24082
46609
19092
81112
-47073
-24457
72626
-89677
-70221
95148
-54912
-92712
11298
-33969
-1462
-79646
-75874
68349
38864
1385
-73018
44220
-64204
-11643
-20460
55855
4933
-75371
-24770
80500
-24054
-21762
27108
95039
-40651
7125
97671
-68026
-55463
54539
-72878
-10375
61827
-34491
-17254
87455
-87048
6872
55803
51816
35346
82786
-3965
71142
98232
2664
-45915
-69746
-45617
29316
-89247
30329
34643
-35049
-47544
93992
72076
-49874
53055
43702
-95336
7266
-66673
-6419
-56838
-18965
12817
-22877
63927
91722
-87531
-26199
-85154
10700
-27967
-55401
64786
2287
-1018
-78810
-59871
56401
55833
5080
35946
-23087
-95756
13162
57057
47947
-55085
-35677
8363
38496
64187
51525
-80470
-95908
-71353
10547
95815
68206
84348
-89340
-21094
-43620
82349
70781
-14244
-18669
91971
25886
64821
-25108
58055
51805
62300
-86073
8861
-62665
-41157
45698
24428
91550
-75689
-28952
95642
80048
81595
18545
-24657
65942
-43706
-18662
49412
-61357
-47882
-64833
-52937
71178
-11858
-88117
73159
-53803
-60262
24963
-91504
80756
60913
-54169
-60402
88276
18618
-8885
79825
-29982
62163
2555
77155
43757
-78900
-47503
-63212
-95517
33835
86200
-56874
13042
48456
-82722
-88692
-63402
-70839
84467
-17205
-31100
-63482
-81620
76745
97432
91301
43432
12796
-62993
-65454
-7380
-65886
96710
22264
-88732
-32445
43364
90856
-68568
-25063
24690
-82369
-54848
64822
-6823
-37569
76130
-43136
-8408
60597
-33252
-12419
97115
-14872
91415
21635
-96483
34846
-65570
67614
69393
-45861
-98273
-6809
76404
-87005
60746
-53144
30940
19268
21793
82720
36899
66946
47541
57165
56466
23670
-85972
-51943
-88645
-19224
-37272
35560
-7007
-45858
-42806
-3490
88989
-81286
-35877
-14530
-27147
92940
78661
76346
33025
-33505
-76798
-36036
85763
-27916
-53317
-50249
66119
94224
-93085
22584
-55017
-79056
-2269
83428
-71191
-12452
18987
21803
-31221
3271
-81688
84857
21985
-90475
-29674
21927
-97536
-51014
-74638
35489
-57429
75654
99454
-71667
-52263
73226
-94827
-86144
67450
-87911
-36471
39522
60123
61260
22949
16021
-51193
69026
-62177
17587
-27704
83226
2443
21370
19840
70386
22304
-24066
95748
84883
18505
-1510
84336
-26072
46228
-15350
-20899
-12827
-47901
-81721
50702
18710
5491
-60949
68749
-78488
-85053
-35137
86425
32534
37159
69650
62067
85618
-10511
89015
-16908
38883
-35052
-21160
23765
10543
4419
-64811
84471
-49354
19839
90661
-35092
36030
42700
44827
-58480
81751
13575
90122
96698
5527
3636
-43679
-57315
-26715
45477
55392
-10136
34491
-61516
55836
26528
-55587
-93311
-62930
48832
-58122
48630
26568
-11194
39291
91476
14923
-24680
-38736
-40250
-56071
70104
61141
66802
-94059
-35224
50212
75716
-34850
-77223
31108
55014
57268
-3319
-62062
-89116
41094
-55373
-52045
-82986
-13495
96585
43582
2401
-37036
-37853
-82677
38284
23411
-22927
9303
-6485
4577
-29557
87406
10518
35219
-35294
-86678
-99632
-12517
44430
-17528
71840
68200
20410
82724
9293
65038
-69322
-46603
78632
54353
96979
-18968
-82684
-40875
-74555
-17310
9626
-70393
91993
-96860
34184
-37565
17635
71791
97654
82341
85114
25111
-30177
-43368
-92418
-58338
-75168
27993
51475
-38786
-6970
9243
14611
98751
-36405
-61321
-93128
-92000
-75107
-67683
-9310
-38392
89014
-17318
-35252
23198
-27794
9472
-77923
96949
-8188
-92810
22060
61635
90913
29642
30386
42834
-42366
-18139
-95953
-22247
91104
-54252
-96407
81788
-88484
-89535
89788
63499
69872
-92433
-74893
58885
-82662
-83056
-90829
-10455
26417
-68751
-86418
-81772
65529
35642
6953
-16470
-34716
-62662
-73637
-49993
-53712
57501
-45150
-62609
-96752
-41557
46268
41854
95998
-36855
5352
65869
-29288
30459
-48158
-84861
47404
-38986
-68227
-99091
-80648
-54644
-80863
11970
80998
26090
95501
73371
63429
-78137
50468
-90284
79364
-94683
74198
9701
-36240
20465
-48446
86847
10699
-16004
52715
81411
41544
31646
96551
-83964
19749
55413
-83055
39101
-99232
-63917
78161
8856
62173
73661
-17774
-47310
22613
-67307
89497
-70934
65100
-9217
38767
55949
-88753
17411
42795
-50964
13769
-95651
-10428
-34500
90196
19718
49663
-9984
24845
3423
27013
18328
-78593
-83080
-52061
-27123
37950
64462
-62646
23851
83237
-50736
74959
49923
-7479
32859
-43638
29827
-52007
58117
1317
-11148
62466
90889
54352
-20250
10607
4014
69766
62541
-92564
-76133
-92042
-71156
67877
82987
-71190
5827
-25463
-33835
56767
-42226
15429
-41186
-92304
-92051
91673
91148
-35134
66756
49264
66183
-44393
11729
57072
-90042
91480
94768
13973
-11666
-15603
-51502
-60709
-80556
-22658
-92833
-97570
-66758
-59917
-23032
96850
34742
41925
-44337
-30473
-23037
74426
-39326
-31082
41181
-90063
62191
96788
-51245
19262
-93255
67324
-58882
-52193
-44342
-47396
-3694
-77962
-27951
-70795
-98432
33979
96379
-21464
60475
93228
40367
2399
75981
-90107
79363
50406
-29433
-51720
-8414
-19496
-89530
-11627
29260
-43179
-77793
-3417
-74972
-29985
-20670
-22367
-6590
1368
-23229
94147
-42337
-21661
-44785
-45959
56876
-84311
74358
-75669
18089
50338
-65775
-75460
4792
-27180
92329
12386
-89620
-92210
68735
-32799
-70002
92407
-7770
-72898
-28263
-3048
20512
73723
-58253
-15054
79151
-75949
-33924
-36885
-60259
-59566
-12553
-15081
90772
-51239
9459
-81396
53553
9368
-89068
93028
19748
45813
-11149
86950
75811
-18742
-93732
30002
-19916
-69691
77603
7367
31121
46439
92314
10271
70491
-41611
73387
37321
-1177
87923
-77761
-83316
-63317
-41213
-64712
17325
68155
73310
10353
-85008
19122
99204
-98059
-77979
-92450
35299
52023
-12366
65608
29625
95002
-3272
-96847
14404
-93002
73644
72793
7474
10964
98706
-4604
-39708
42479
32079
-53832
77767
-50596
-85678
-21835
-13154
56404
97288
-86862
58345
46398
-79311
-79268
-1579
-64588
13429
55135
-69587
-89844
58288
44817
44245
-40980
-55301
78808
-2927
-56596
-25796
57365
85883
33372
30622
-9262
9865
-27966
-4008
96711
-71563
-6721
36939
86783
66767
57628
34604
92277
93040
-51967
47411
50543
85279
-67212
-77552
-43388
-81103
-32853
-64580
15971
-62360
-63287
-99576
50612
-2826
31047
-58651
-92961
-96920
37342
30839
-68483
57710
-32223
45389
-48435
-74596
-20007
-56159
45534
-44885
18342
-3924
-59607
51130
18524
-2994
-2884
12761
-40485
-86914
50401
-3772
40601
1013
93402
-28353
-30549
-99560
-25273
33882
-41631
-66667
-81319
26146
78723
-29754
51551
85805
14088
-75827
-59081
-67571
-52662
-91599
10648
-7049
5407
-92237
-94289
64922
47940
56113
88239
-11460
84215
8730
-12724
-46335
-63741
-10908
14637
-5372
22425
33318
-79226
-71764
30653
-85960
-55260
23587
82049
-95742
70925
90451
-58005
-36125
-4143
-50241
96677
87869
24788
52789
3196
40417
-35908
-88075
-72308
-55154
-51815
16784
59483
42813
-60792
-80111
-9324
94535
50543
90090
-91426
22372
-59235
90624
-46280
38779
81074
-4285
29744
-95981
-27437
26420
18977
97351
-93703
49263
37767
-29611
61188
-7452
15235
36462
-90669
-98193
-93636
75630
-78304
-2960
70164
-85781
5827
48790
-45016
-3550
-97491
93764
-95388
-1776
23507
35722
70788
-50074
81788
-4773
-43777
31050
-67006
-46299
-80673
-47369
68936
55789
-38037
-2168
62153
64682
19529
86283
-38066
45946
-99499
67761
-5265
-44515
91301
-75667
76338
23002
22558
-41277
-79566
-23141
67601
15661
33082
-1350
-24256
13872
17977
28376
-17192
-99145
17428
7729
63008
-17891
54347
-23621
44043
-23120
-61108
22117
-40545
-69808
46451
-64208
53195
96098
35637
39007
-83469
-87505
-66304
32192
-27333
32347
-92064
86539
77413
-36599
96436
78268
80829
4165
-31635
90027
-41489
44744
-38842
-14107
48714
-91990
-91832
-42668
-18450
-56040
37616
-22353
79597
-96289
-78733
19182
-62592
53459
91849
-3156
-11516
5476
-25744
-21026
-70999
79614
-40198
33166
75068
76918
18766
19811
-61925
31749
-31476
38126
-33152
-96219
22547
48398
-52258
-39838
53134
-72662
-36127
74401
-26391
1281
-45052
92547
25214
-29478
-1977
99471
-23415
27024
6173
36388
87279
-18760
-59606
-66867
28140
-21530
64882
23754
43685
-68271
27535
-33769
7216
75277
-46518
-39651
29705
17355
61839
-96687
45726
43877
95861
-29061
-85602
-79028
97499
-9017
-24915
-69240
54460
89453
12000
94855
-77415
-59860
-99587
14557
63894
44098
46286
-8572
37418
-46498
93795
90900
-59060
23499
-64657
-97221
26812
8158
46656
-50239
6187
-11857
-29267
3685
6215
-27093
-38465
87765
-37641
73535
9708
-15055
40764
10121
99502
-68254
81308
-27124
-49736
-54186
26378
-55942
63803
-5592
67557
99146
-75724
-78543
7304
-1979
98309
-86510
86164
96131
-55736
-80533
-30962
5799
-92769
31397
-93577
-55972
43431
47187
-18762
42932
78934
-37455
-84192
-70803
-64552
-30725
-99656
99251
-9228
67901
98397
15048
16447
-67211
-86932
-58156
73369
26321
-62025
44722
45789
7013
77611
-19891
65499
84034
-48773
8930
-41691
32465
78951
64332
22100
21848
93529
57548
18213
93873
56799
-91016
-11138
55195
-48878
32399
15073
-35810
74243
-11559
17601
39307
-66838
-36611
73409
-89228
-29413
38908
21895
21814
74927
80205
-45721
-19034
44536
76379
-97186
-34846
-38985
-51884
86116
-82187
-42900
-97933
8222
34466
-84831
-64203
-69301
-82898
2194
-36138
-92420
-24398
-98277
-94744
41599
23619
27071
16525
-69088
8439
97492
75448
-88094
27395
67691
-27079
75511
53807
-82176
59700
55874
17921
95012
-82572
-39820
-5487
80315
-9121
-61296
-17492
54741
-53716
58111
-16446
-48460
-73202
34262
5700
-29587
65174
41228
94994
-32290
-19777
22388
-64599
-19766
-75013
16297
-1942
84687
99260
43068
79698
-83313
-96753
-98701
97002
-5873
-59997
-93401
75957
-86624
-8201
-40490
92007
18597
20861
-75205
89010
-13966
66024
84003
-19166
73336
6390
-56676
-46431
31377
59621
-21284
-56847
58880
48874
-77150
2656
52121
51240
-73254
73337
18332
-66655
49294
31709
25144
35893
23715
-56259
-43246
-24401
-67250
-30123
-58378
-83247
50711
42048
-49768
94035
22706
8699
-19256
-98578
51852
66713
50296
1791
-30632
-70495
-46970
-3885
-97158
71363
-43451
-20775
-69840
81694
-84883
-19036
52524
98961
56563
12363
-31162
25275
29116
46638
-32678
6438
-32238
90028
42226
-24405
18539
-5923
-57692
95924
22957
-61235
52519
3077
34880
55361
-98472
18519
61675
-68312
3881
-60259
79825
2842
23393
-7813
-1231
-51333
48393
72496
-56922
-45170
-59743
60196
97056
-57058
-94177
-81779
-14750
-98253
41178
24015
-18645
71344
85985
63805
72872
4503
25479
31649
31804
-70641
-1521
11628
-40710
-78128
-96186
58059
-29461
52207
-42356
-59293
34126
-75010
-99098
31181
-32068
-93275
-23509
53182
35562
44759
-95714
-83084
16102
17360
80721
-83937
-78138
-66712
-25199
-19245
-37352
73281
92383
-50973
95153
23286
-92914
-34309
-24507
91820
6398
-90382
-83191
-65611
-32111
-15258
-58885
-28531
65013
3766
-83773
69299
20683
-40581
-13342
-71508
-24518
-64391
-38219
50283
16364
-48482
23563
-64165
-54196
59122
20555
-90089
-26709
-6525
99935
22900
-93243
-65696
-22343
83937
-26713
-5987
92149
87826
-49722
37505
-28088
86218
54784
-75066
71932
9093
-59819
-83057
52386
74543
-51746
-4579
78294
-89425
97748
-1152
47576
-28962
19412
47510
21028
-46742
8904
98685
-62806
9280
-80214
-70658
-75806
97154
-6063
-3894
83371
75810
-51870
-17608
-88008
-11689
-8533
89944
47589
86888
68237
-14747
11724
-32916
-67172
82763
13585
7428
-69121
66844
43421
-70437
31127
79790
76439
-12441
-96016
73592
8585
-72821
-15948
-15606
-24691
66444
-76525
63621
92868
14942
53564
-32455
-71082
-51111
52798
40643
-56938
12715
-49506
56647
47232
-18627
-49421
-9348
-61975
81707
-29558
-85537
-30735
-98485
15144
77850
-71306
26285
89333
4004
-80183
-87192
94714
-87316
27750
-24634
-19771
-16242
24255
60116
-75600
67317
99921
-98017
-48948
47152
-16644
1632
64894
21381
-16662
-64665
-37067
-20308
-63150
78077
84631
92634
-68549
73963
-3363
-48732
13860
-81561
91043
68700
-6195
98361
-47543
45149
58477
-96054
12465
58397
-94071
63518
5548
-83626
-34851
97531
37755
-24424
-67135
27777
55268
96805
-67058
-33013
89439
-35607
-59051
-86836
15662
-18101
-68396
-66207
-49402
-47502
-67847
-69856
97648
90630
61180
10112
-23885
67109
-99282
8753
83483
92957
6283
-51674
-31468
-33762
76103
50889
-36958
-90956
-82125
79570
-99473
85915
19824
-56722
94903
51428
-22929
72590
-96075
9224
-97267
28662
-73057
63913
-61226
3058
-41890
66582
38900
68682
59539
-54817
-82993
55160
11421
20199
-66862
1552
-43668
78103
-91789
-43141
-8894
28035
-72774
-13992
-93449
4297
-41403
37566
40611
88420
-33772
67554
-20579
-67909
97701
-35380
98673
36601
-66699
-14700
8873
-49692
-59540
-79707
-2404
-99313
-51066
53929
78790
-42855
37877
-30104
85180
65104
-17007
18820
-30600
-31320
-43614
37100
84189
-50297
-68258
-36390
-18206
-70557
-44681
-92445
-6867
-11379
-7144
-97995
-33982
-39595
49388
63615
88182
98322
-55368
66971
-44533
82509
63956
67736
47612
74039
-13444
-82988
-57282
-29969
-18799
-73094
-53177
12944
-82395
28617
42387
-27075
-36739
62609
-11365
56117
64614
54653
43611
14001
-54644
31792
12322
-10012
-74148
-5122
-27503
16897
-37386
-79892
-9065
-23741
64210
33653
-26621
-54589
-12351
20202
-14556
5254
75908
-72170
5268
-60832
17528
93903
22375
-17859
-24355
93075
23231
21001
-48044
62642
-89011
-22192
-42480
-89425
94705
-52777
57773
-87271
-49429
21983
46382
23950
-5517
61120
71241
79927
93464
-25763
34846
-1269
-59506
-47627
-80277
62869
-38397
-4632
-16967
11923
43458
34989
-25436
-18464
39886
-40827
-7889
-38321
6396
-50116
-25592
-15944
-1044
47880
35095
20528
8999
6335
2462
7661
62389
28283
48156
41851
-24905
-61887
30543
70463
21146
-57535
13920
83224
-55882
95457
23109
3292
-85344
84789
36777
91630
86286
-79167
-9415
34165
-16983
-88888
-56836
89353
-61345
-27285
-75898
28133
28087
72258
-30017
-96819
-89629
27615
-41394
70080
41743
-58170
41288
-35712
-7972
-55421
-21056
-96095
8445
-29426
90192
-43633
-11752
24356
39385
-73550
-5391
-44174
-34895
-5586
-20072
93239
-77500
-47814
90311
52772
89647
17926
-46496
-51748
-84906
95247
-82829
56382
-40466
9200
28050
-34432
13105
-63505
-36769
3296
-7138
51479
54742
59336
5018
-50650
-84839
70124
43764
-4910
-9549
-6646
-25635
-92150
-53875
-35989
-47135
-60648
-32040
-78035
83614
51431
-91412
-7187
-20519
-98755
33007
-56935
-35524
63393
-36984
43045
18134
-77648
-51938
-5427
-62487
45275
-61663
-40308
62815
31691
34057
70666
77816
98068
-76470
-95467
64510
-81421
53588
48123
70011
62177
68025
76581
63422
1031
46735
54988
91513
-90250
-1968
-63265
59192
-26817
31309
23795
45548
69646
83487
8362
-71575
17544
-20973
33330
-57300
-70353
-35048
-92791
-51774
-81460
-17579
45326
80717
-49555
-51005
-28773
-21434
95730
53304
-29922
32570
-48665
6814
-81150
-48392
65212
42645
97156
34857
26132
5517
-9629
70765
11634
-76300
-86536
41281
-84259
47764
16596
-65719
-69816
-38078
42087
-92281
10917
40404
-13715
-66264
-6293
-16548
-6605
45043
17355
12245
23740
-17434
-45110
20895
44512
8111
53501
-65118
-21125
92224
85672
-7661
-39407
-98587
67192
77190
-64306
97377
66201
4871
-94905
-22883
-54726
-81531
-62058
38981
1921
31337
-88888
-80724
-56418
34852
1842
-1528
82836
-53646
-93418
-36574
-91675
-87454
-44351
93998
4885
16243
22500
99167
-79479
-14717
96543
86722
90154
28727
90928
-64573
-25715
-71130
1498
76206
-12704
12610
22571
30878
74552
-75587
56439
-15524
97857
-9890
47902
-93819
2656
30641
27268
34631
73973
-50233
33797
94494
-37860
-42572
81215
-47707
13244
-85190
87529
28101
16308
-9177
-84603
56007
-86606
-26636
30558
64897
56893
-84966
62753
74092
-9975
-3977
-23252
-79335
50381
38468
94638
-99853
99354
16220
-37713
-43219
-2566
-58330
70025
23755
83570
-15358
-48145
75465
94342
82973
88859
94796
-59380
53755
51688
82744
-56404
25779
-27232
-33291
29616
-79477
-82911
95173
-84840
44326
94526
-41530
-93387
-48694
-17007
75373
48420
-93253
58942
-66939
85693
85908
35616
80034
-4031
24474
1918
36589
-94682
80695
19332
76004
6474
92101
-57288
63179
-87377
-40199
58352
54873
-95873
52877
40432
37830
31273
-76575
-59709
-20308
-69828
99233
-60157
-84136
12229
75459
22988
-91803
-72979
-75095
44787
59429
-94400
-35882
35433
-60837
83308
78145
-97659
23020
65036
-12218
-95018
69163
-59341
45414
-65919
68839
-25628
78713
26101
-99307
45645
41965
12922
-51808
-35048
21119
-97697
-83053
92995
61732
49637
84203
-2836
88800
-5401
-97602
18230
-82381
-5477
-93988
49691
-36315
73761
-4896
-75145
-27219
91033
78583
17133
-48683
86187
-87159
78229
-38951
1812
22265
-45956
90634
-28099
65336
-12203
-39300
-40066
-82716
78930
-22447
11807
12031
54333
2581
-14209
76527
-45475
-14339
67559
53752
-35756
-88220
80761
15561
25056
20691
42159
-69627
81741
-56029
52638
62874
-65396
-75462
28209
-50510
-87673
15232
93865
18347
19875
-67240
-69623
-25793
-37569
-56742
-49267
16956
-43992
-81709
97798
20252
57161
78558
62902
-90694
-73662
-67850
-60321
35168
-96790
92318
-1959
64904
43945
53339
41483
56273
-31430
35347
-25381
15534
-4803
-67915
89742
-15283
-97568
-59526
-98328
-41559
85856
26559
5782
-29895
-67794
-31316
-20589
-41456
-72077
19091
93712
-68867
-61503
-81159
96037
82442
37519
-34197
-5072
99956
-32489
-89538
-4848
-99797
6958
-70882
-59323
8630
-12441
53622
62279
93342
-76273
94485
89115
3138
-46972
-82963
49318
-53261
75260
87815
92670
71296
-2654
-8062
-64097
63149
86866
-64142
-69340
97328
-41901
-42654
97531
65057
-13536
65298
-99224
1113
-53992
63055
-78457
-30265
57539
37747
37656
-18127
-50720
11484
-42868
64185
4153
55517
-38470
96091
91420
-75322
-94381
-98732
-42051
-5033
-19831
1685
-75370
45230
-40705
89444
7283
83367
-61756
-97538
58581
21510
58869
99893
-59951
85576
-70834
-74840
10745
66776
-97476
65129
-71105
99679
-29647
99061
-94703
98711
-1322
-36754
-79233
5936
-7980
-54603
78255
-21595
61930
-87373
88861
-99826
42179
47441
-51227
1047
-25578
-84089
-86289
3588
-58929
-48455
97454
-56405
-83327
53438
70363
-85885
52498
75661
-87174
78266
65996
-66407
-88710
-41984
-93921
89546
-36490
68010
29262
-47630
-4727
98530
26900
44046
-73335
-98679
59957
-59623
-68001
28117
-80989
-70548
-1198
62775
82890
-30836
76890
-37524
-55176
16805
-59259
37910
50398
-47968
23015
-16433
68667
86525
78666
-2072
65984
-26062
-3543
-7117
45073
23122
-78707
-67882
-9412
-46708
-12676
9600
-90167
86126
-27626
19812
82380
76353
82289
54293
-6842
-76971
-7798
70645
-97850
-84784
-45789
70817
28830
-67124
95834
-5187
-66097
-80621
87696
6065
-30409
36079
-34728
60179
89371
52597
96868
26294
-34189
96331
-53895
-51810
-71607
-97517
92931
78513
-78226
-9336
80663
64081
44876
-21431
-7090
4841
-25598
14813
-34166
-6218
-70403
71899
-9538
65676
-62829
-49360
-17864
16857
74598
-91571
82668
-1983
-45466
57948
97790
-89983
-12480
17809
15619
9294
35563
-3719
-99537
-92473
1939
-6626
12368
76342
-91814
78202
97213
64873
-22810
-12326
30549
-58550
-34597
-87316
58307
67090
-78887
-31937
-34893
-97264
-73990
89986
39843
-59381
-65116
-44539
-22997
70447
-21168
-22534
77974
80771
-2071
-82570
-15799
-66796
95633
-18587
98078
99912
-3824
28626
-58639
61580
41310
26757
-44242
-10488
94820
-52046
-80663
47920
-62060
59181
15628
99914
41731
92631
70360
-79438
-29903
-24578
28423
-4885
-7148
-87377
28320
-84427
-78874
26397
-84516
-55609
82112
83935
33060
-49490
10691
88819
-32889
-67400
-63228
-13552
7609
-98199
72718
-76764
-98286
14449
-84133
-37900
-86947
74585
17612
-64743
-32563
-42675
63577
-89901
-94460
-82938
-74416
-50069
26263
36608
10081
76773
-52701
-1101
70973
-93012
-37240
84511
14597
-35438
57228
-35078
93366
98766
-92122
-7471
87956
48021
-32887
5567
83279
-38361
-10019
-26056
-28261
-4479
-81904
-75588
-27458
44359
61020
82623
-51779
35408
-91390
-80807
-30515
-28630
-96297
11171
-36979
-11979
76094
83477
-86125
83972
-23995
-98170
31993
-29793
-65513
15271
-41064
-48443
16304
30675
47079
34400
-17824
-80380
-21241
70285
29332
-45931
5693
37942
-99649
2267
36401
31145
-86562
26512
-80835
89532
9988
60130
73503
85993
-10950
-67416
83289
23537
-25056
-57776
75094
91249
-50739
25648
82164
95971
31496
52449
25302
85565
85231
90333
13006
-12503
26734
-55850
-46755
90405
-82445
-9678
50534
18148
-23686
-60417
50732
-40398
-9791
-74324
-71084
92393
44014
28904
-58347
-30339
11068
64714
28247
-36484
-82896
-59100
75836
-92563
53906
-36668
-38740
25145
-8643
-58406
15549
8912
31916
93173
-72941
35319
59845
77792
94921
-49946
30557
-76164
69536
-25430
-20170
38278
-28680
90898
2991
26656
81503
20096
67557
57338
-45378
21462
47759
15882
-53393
-60885
-15435
-10755
-24883
-83520
-17583
2176
51799
-57738
-92944
-26192
-80595
-35298
-75266
88941
-33639
4564
27218
-35229
-77450
-69791
91427
-95948
-22606
58983
-11521
32016
-92466
-63763
74987
81231
-97558
-40449
97565
-22441
-96880
-20018
6824
-17992
-50667
13881
-17095
95828
78583
7639
84768
72034
39292
-60926
-63196
-11069
-30717
-71770
-79928
-26234
14303
8551
32871
21837
-28122
7857
-69844
-98591
-5503
-72280
-93943
-2383
-65209
12881
79625
-88787
53851
89620
-92960
32434
-75653
91808
4467
63640
-69118
-31640
79660
-72746
-3410
99733
-71890
-89108
8283
60981
-40182
7250
-31162
-82937
8659
-9576
-55216
14716
88042
-93336
-72403
-5245
-82122
8537
-15626
52008
-59030
8722
-29095
-27474
99451
-71124
40886
79110
-43870
64566
5931
-88671
75458
-85786
72311
62366
-51447
68238
79429
57213
-41339
51302
99018
73792
57967
53704
95637
2934
-37759
-19990
-45059
-69700
15821
25846
-70084
-57640
54722
-2109
48560
37942
-37544
-45510
-23640
65004
95794
-51330
-45542
-55653
43997
-66114
28649
29748
85189
27666
3539
-29756
-91541
73178
-29300
6275
55208
-71911
49185
-91857
-41995
91546
-10046
55897
-32806
-72105
45442
21684
4256
10445
17478
-19985
64903
-11086
-75988
25879
-82438
-19151
-61844
-27683
84388
8400
-19224
-89348
-91334
51476
-55984
-9037
79566
93201
64660
11835
89061
20556
79029
44045
93088
-72198
75390
-69379
-27631
-44595
95525
61283
-93494
-51508
5934
-12645
-13352
78251
98832
22137
-40973
36573
30803
37592
80589
48855
-55754
73790
-52039
35996
-87287
64111
-43449
18832
8155
76728
46634
-89366
-92651
46092
-33961
29963
-65537
99635
78455
40397
-85922
92192
-54264
-87091
14328
-68148
-23428
72220
69445
-42840
21074
40780
58039
69035
-23225
70753
-39766
-39584
-10416
-4521
-62857
63307
6113
-55508
9398
74455
-29050
-1125
-20002
38436
-59958
-27811
84172
80041
86517
-83976
-43388
58736
12558
13773
-20190
80427
-28189
75934
-42798
-57437
63258
-55293
-40764
-41264
-91061
-77458
64849
-46568
-40971
-35911
54976
29979
-9947
62064
-31586
30095
-65748
79676
10135
47859
22789
66748
-66317
-64654
-19480
-59418
-84228
-20580
-83484
-99937
21984
79774
71860
8309
65599
80800
30852
30447
61321
16970
94536
16296
74039
-15412
-21641
69542
-85318
-60299
49217
-48094
87560
-27995
-81347
-78758
-65560
-73738
-38175
-49787
5683
-94570
77366
54756
12293
49226
-36936
-22109
30025
21005
35427
-8655
-62025
29962
34730
-87987
41639
40179
81555
-16590
79880
-42139
35316
-5472
29866
-18941
-57141
-8604
-65590
4684
41609
40093
-62797
-53937
-5152
-23415
22378
-14998
-18435
-47598
-93994
-83009
-29164
-56019
-25958
32656
83084
-84320
-27166
64639
-73821
79803
49589
-11415
-25670
-93457
69644
-55722
-2061
-95947
48963
66637
-28764
13255
-87300
-6827
16930
35078
78175
98495
14570
84182
-84514
12495
55252
-10472
72240
38336
-67702
-54927
-69937
85567
51965
79652
-25849
53384
86195
70884
97663
-15866
2027
-26286
77860
73263
14058
90560
93525
-69013
-47273
71700
-70518
-5614
-17030
-55032
33970
-61779
-38415
6210
3646
-79028
-21628
33709
-93461
-69663
-59551
-19310
83721
-73356
78664
8472
-62133
-19310
82186
-84274
-46048
-3756
33376
-52524
27231
13192
46265
-16198
-92423
56324
28770
41547
21635
17445
-52244
-74720
38417
-46782
-13921
-27955
-16445
26528
-20175
94365
-19739
-41512
2837
-54783
39178
-87889
88034
20219
-64556
21409
-5216
62676
-65400
-58951
-53523
69267
97373
2337
10813
19007
46871
-14341
-28623
-87624
38877
57456
-15578
49521
-16017
64247
-29026
-8666
-77266
36551
-10999
13012
24584
-90781
48456
73082
4003
-61780
-92319
-27859
-88213
76948
96604
-58787
-85150
-57301
88084
-72402
14076
27549
-6436
98621
-88030
70174
-90307
-19263
88860
-33915
41420
-85313
51704
-94916
52928
-75607
88943
27482
39839
97408
-1318
61199
-27617
-66826
73030
-29709
-17976
-18963
54340
-79789
30796
-38996
-11683
-21534
-54468
-12568
48102
-46684
68169
-35950
-53510
-63322
-94173
98194
68852
-14156
49676
57794
-86675
-10486
-17710
-60904
77803
54673
-27729
50832
-75036
-18616
-68131
6393
1595
-10246
-5514
17001
-4690
40019
-95568
70501
20424
61641
66914
-36542
-5443
-7804
-67691
80401
-58129
17192
93727
31386
99482
-67178
9188
54155
-67818
87109
6208
13567
46067
-87400
42251
62911
-65825
86342
-41780
1283
17863
55810
-78294
44643
17450
15709
-91900
-87994
34994
-59591
92408
76866
-15310
13223
-64660
-15828
-26866
44528
65416
5317
-41275
-28377
45973
-95208
-88688
-84688
67703
-54513
-98347
53012
46771
19517
8821
68477
-35841
53361
-88725
99350
65367
46269
66848
-15137
-49777
-48462
25175
-14437
35710
98310
57180
1125
-69285
-84095
3777
47787
11149
19089
-57422
56636
-52168
95590
3406
67349
-68501
98973
58597
84860
37337
57946
-22684
-89306
24794
62179
-39082
3421
-12646
46481
66220
-87248
3661
-32656
-56533
-53345
-5730
47244
94442
-94582
93422
-62981
-10857
-58747
59698
92550
35691
91197
18611
-78623
76057
83037
6412
-46628
93731
-68795
42640
-45352
-38285
57083
28219
-72066
69835
58969
-77633
40391
-94377
16637
-85277
27154
22055
-91855
-8738
-88802
76488
-49041
30837
-60732
-57845
76537
-39355
45301
59573
67057
25762
53303
25352
95492
35041
87067
52574
-36741
-84999
-50502
-77773
64458
16978
54940
-18905
31702
-17907
30239
-33064
-31474
-56577
51403
99363
-17309
20647
2988
43336
-34052
-37440
-62518
18799
42953
62834
14290
-94918
49900
-33136
-31659
-8010
-56549
-82343
-43552
60429
-35368
-7870
8868
94871
-13845
-90689
90487
29579
60714
16938
39359
-18640
-80074
-90216
-25603
-90425
-52734
93197
52528
-89901
-65425
57610
-12912
-71472
53040
6168
-28021
-2214
-10295
59498
97472
54337
-48373
6339
-23704
37783
15650
-33218
94451
-96548
83721
-39102
-88098
30736
-29318
-86612
40311
17948
33674
-80072
-44864
68250
4627
42225
96778
-42333
75482
-31243
-17458
-34814
-71746
-19986
46612
-93030
13442
-77093
-28158
56182
-83221
93382
59634
27589
-45720
-1375
-41676
24962
12014
25724
70000
-54313
45652
52225
-86064
-49721
-5551
37804
-64965
97020
-93440
17577
-37795
61904
24680
-91184
-4037
-61878
58814
-5105
21393
2682
-84635
-91885
-69730
-30355
6741
-84317
21697
45844
41407
-81215
91531
-85852
71010
32557
91517
92549
-29640
-73449
89568
-95991
-28783
78863
-6998
95898
87679
16054
61109
-26419
-89052
-90410
76263
-73686
-82295
33622
-76952
-48465
49305
44745
97379
-82199
-9381
15999
59039
-38371
-51445
-22356
-45823
18915
4195
-56256
-49987
2501
49696
43015
-74513
37375
-40932
13685
38045
-29983
23275
-58603
-76580
-31930
75019
73558
19605
-48587
18303
-55927
96304
36011
60072
-17569
97640
-91374
60075
-48184
-45370
-35731
-77350
4643
-6141
-52343
19347
-63191
6725
60121
1944
3831
-16604
43341
-45660
-21445
18359
-72102
98160
-3139
-26710
-57768
-6836
-90700
-97697
75595
-93060
38019
35669
85846
92649
27027
35585
-2709
47976
-64980
-27963
94412
98919
5852
54532
-72049
-90318
65017
71292
91113
-56429
-83260
-80990
68821
13601
-7700
38142
33855
-71311
-32465
-63462
62719
-94447
72208
-24346
25292
-73677
38328
49672
74299
73348
-78291
68710
27561
-49669
27307
-35668
-84653
-74312
-44556
-41081
-57572
-98457
-72261
-16882
-79068
65881
-83028
-50378
-66585
-46489
39430
66059
52808
-84917
-8650
6220
53412
-58979
-19481
-46152
89820
76318
-19707
-55531
-73352
34690
8802
-58004
60378
-8665
-71996
29895
-80032
82833
-86988
-59100
48713
57075
-82389
9218
37675
57042
-97635
-82429
-6285
23791
-47375
-38175
31399
-66437
-48355
7717
13856
-76797
-38546
-51455
32005
-69461
36012
50430
-41457
-34094
70398
68465
-93992
38387
-55733
-9828
-16912
53485
-72154
-59871
-17061
-54583
-33568
76654
69208
19058
65568
-20290
44302
35413
93566
67506
23956
69201
-73401
54496
-67699
77029
40128
-1792
-25485
8593
-68695
-87098
52860
21477
-4010
-66567
49323
-36792
16372
21829
29640
-79886
-81875
75787
12771
-54179
82586
-42927
81234
3241
51668
5190
-27559
78267
86775
4742
-17615
-46009
30039
56900
62584
61344
-3109
-57468
-17180
19970
-96946
59232
10267
-53485
-91851
-60093
93719
-73725
42783
6490
-27904
25369
-9348
80420
-71391
69409
-87302
-71861
47675
99473
-40030
57149
-46537
90010
14049
43137
-21558
38029
12758
-11648
-42001
15813
74673
-4645
-10583
82823
-37649
-16864
-90903
-94866
16715
-91718
-42408
34456
88702
-86710
3864
28489
-58571
-48462
27961
1399
-91313
8514
-81503
-50175
78740
-3060
14943
-81414
85292
-38512
59964
95387
50906
-30125
-42263
61131
-93939
-37129
-22155
-85656
-52448
-87700
30135
-39158
16164
-41376
-70640
-5209
13674
-42151
-69433
49277
-23654
-19608
-44895
22425
-26308
-87245
-77545
35180
72720
-82159
-13915
69684
-24421
-52785
75746
-34461
-47851
90090
13092
-35551
-52687
73934
7702
5937
30384
-97507
46701
88233
60150
-4023
91668
67632
51083
-7957
-9944
51864
-68113
12511
-12957
31696
30353
1380
-94069
-25478
-22875
-28530
-46239
94304
11651
-54701
-58384
-87326
53002
47554
43058
-17416
-5746
-41621
-57267
17320
-49954
-89636
95492
-30822
47355
1066
40021
61488
-67239
-29627
88795
-38770
-96607
90406
38355
-25137
-55834
32658
86515
-10534
74275
99189
-57533
-51083
-30665
-47860
43171
27714
-5127
87580
4849
-67673
83072
74028
-40164
30426
-97818
99857
-80998
-65057
97319
-92204
-3826
-99289
98203
61618
-97336
69458
-5724
16268
-41077
95640
-57455
-71521
-55444
11880
-19381
87727
66683
2582
2395
-28469
34909
-14534
-54442
21834
42982
-52260
21691
61984
-90227
-53902
-3130
-66964
-53190
-77839
94654
-50526
91619
-83982
-7169
-49458
-88343
35376
-20979
-43787
-52745
-13270
71029
-86063
89312
-26576
-14532
-48691
-14021
-41884
73143
-71040
-67055
-78078
18034
69808
-31979
-85097
-97157
-58080
64154
24587
-8606
55772
-32306
84225
33403
-20648
-53311
39514
-37346
-6056
-73757
60773
-65030
42644
61286
-52473
93953
-52736
-67268
-5816
-96686
-34322
16107
-51563
-64515
11217
90430
65419
53137
54583
-9995
71620
-62557
-15212
-17067
70847
-8771
29622
10360
53884
50655
-36308
-58255
85625
-93665
30120
60241
27377
4473
92974
-78440
7787
85741
-35244
56224
-78775
75973
-26258
13733
-43802
-71676
-96263
-72183
-34232
-11474
10750
63704
79755
-59629
-25937
-39273
91026
-35156
-70439
3739
98269
59681
-36020
25645
-35846
84043
-25706
69783
39051
82344
18097
-57888
-43915
-68170
-1689
-88501
62657
26128
-22733
78272
-63122
-59030
-14884
-95662
-57878
-27068
95365
6966
2494
5234
-37826
-9828
57968
-46583
-98697
-67739
76940
69081
66569
64432
90167
67804
9055
49033
-7106
29583
-7307
-35556
-49462
66981
58565
65031
-17806
-10526
-61492
25546
-4010
-13990
-93059
-38915
-36208
44465
58626
-64900
-70185
-95818
-87961
98896
-2160
76471
16151
92734
-87386
-34816
-14373
42198
-15034
50071
92736
79037
-64275
57766
-38770
25199
23363
86777
-78812
-90627
20807
-90637
-99746
92362
9703
58880
-72539
39518
-9849
66590
-34498
87992
-29851
8743
80725
-17236
73927
93441
-75039
85982
43511
44786
-7893
6325
2552
53338
-68476
53004
-32797
-47288
-10534
15099
89165
-10279
7460
-1133
75690
-37990
65474
-34159
-71401
58066
80922
-1251
-33192
61646
81513
67824
-17825
33563
53805
52775
-21652
73002
-40900
7989
26339
-9376
-39007
20631
-29575
50459
-64271
-40410
67269
43190
-14454
42959
-94801
-48980
35889
60889
-90915
16810
-40363
-97018
-94456
68239
70806
-12281
1801
-48301
-59507
80149
-75300
-11862
-21872
17306
-23780
98759
87732
53768
-65512
74411
21037
4767
-40044
91085
9966
-61935
26973
-29146
74240
70872
-42420
77222
76416
-74182
48027
-35866
-45292
99727
-68284
-65143
51516
31310
-49916
-70356
-51385
26304
-71598
63436
-19929
-37110
37846
28197
67657
97803
-53630
-95288
-64133
73343
-97345
37197
-28697
-39764
14418
-52282
-86857
89535
-61059
-32148
89261
-29342
-70202
-32135
29057
-20118
-2491
77672
33275
25912
41108
40435
15891
-21047
95722
-89363
-96156
-57909
-84651
66802
42524
-81996
3998
-86174
-94671
45505
88635
-81527
35039
-72425
-86586
-48612
-1767
-56788
19254
-72711
-49817
-83238
32051
83458
-30237
-99753
-49019
85655
-93711
-53298
96292
-89866
-11206
38730
4025
-68683
56734
35112
72233
-10847
-19384
60867
7626
-84345
88443
-51871
-32957
-86236
-8659
13386
68144
41524
30149
-72717
-47930
27001
-72470
3051
12655
60909
-23157
-63965
-1868
65637
74765
-97844
24043
-41412
-35643
-3725
47741
44974
-42858
82456
-12282
72674
-69416
-18150
13527
-50986
95237
-18330
90538
-47526
-63958
69697
79475
-36428
99837
-80781
-75519
-23321
82344
-50298
-57685
57109
-48141
-6553
42786
16216
89723
-82385
88279
73954
-99930
-24004
-26284
57744
57847
87243
-93243
-19828
96003
24384
32646
-67956
-5920
12120
-77294
-78995
-41572
74277
-2315
-59228
-76022
-32911
97881
-97074
60537
-32245
-53768
-22652
-14630
-65490
78391
-87471
10507
79196
70273
95443
66438
77030
-24386
-10471
1413
-91741
-51337
22582
-52532
98459
43587
5897
-58729
46669
23802
8361
-28362
-46182
95987
39393
-99577
51852
34560
78814
64381
72156
-14902
34653
-5313
-48465
11682
70301
-31846
40184
5649
-56094
-37235
53118
-57636
-93649
86104
42188
74713
32772
93079
-89838
31499
-53104
33238
97981
46946
33661
49832
-91405
-60437
14212
80751
24661
75954
-24562
3285
-85276
72828
-1472
54908
-94434
42434
44762
58684
84798
-21798
-28124
26985
-47086
31737
20064
-36924
-36765
-5951
96314
-38785
-59005
-42937
38136
76680
-3374
79437
-15481
48376
55390
-12954
-48339
-2797
-40126
50189
79200
-34560
-80288
23961
51213
-95491
-97838
-76912
-41416
82167
-18086
5737
-54758
45149
99786
68646
33453
-59220
52798
-28412
44549
76514
-48976
-70932
24889
33503
16114
3639
-69295
3077
80918
36994
-4394
-99371
-39046
-53182
-94862
90206
96996
-36278
72372
-21091
69459
44704
51147
-3666
-59562
-15401
-35797
93236
-16724
-91248
69749
-38611
-62180
-5362
21981
-18977
25366
-20225
84101
6283
-83232
-20294
6912
-22278
-46386
-60860
-32072
77699
-70049
67389
-43392
26500
12092
34844
-77167
52530
46533
-12964
-27145
-70192
-4212
-57397
-81713
-39303
-35670
40268
-31190
89697
-79957
-47090
-4021
-63189
-40295
29981
-58377
13319
69121
-63360
-8982
99072
-95972
-25285
-47340
-56790
-90442
-24507
22829
-16820
-10381
95684
12989
12496
65377
31276
-70294
98633
69093
46492
-81325
-77998
69561
82577
-91204
-75801
22116
-31339
87929
40223
94822
91957
42027
74572
62256
-21326
77154
-14915
61855
-33228
-92143
-25157
79269
73234
33208
-93360
30030
-41071
75733
-23479
-22395
24824
-53919
87271
33620
45622
38559
82825
41372
26487
-49864
-36717
-54468
92163
-62146
-92212
-29163
-84993
-80038
-67309
-91131
-72181
-65377
15227
-98947
-5080
21867
-41828
53849
-75312
34693
58543
49512
7864
45813
-89780
80575
-88540
93046
21947
37947
-56819
12319
83480
-64656
-22738
18357
-66730
-80642
38319
93051
-71773
66138
-72327
-29457
-5720
-50318
19499
52452
-96470
44187
-85766
-10837
-6302
22098
62065
3919
2672
73526
-75947
51708
-61439
-32766
-35974
49130
-70333
-31623
-32514
90027
-12264
32894
83077
-56948
-89251
-59315
20401
87521
60184
-27147
91052
4371
-85824
-92697
25158
36274
69368
56166
-61055
-30018
80219
90654
8544
74543
81769
-42327
-95791
-49854
25160
94237
-35029
-41947
4402
-64888
-15826
15152
-24203
-95425
2672
-64019
-95483
-79188
-32559
-81307
55205
92599
-17944
24573
48765
-51910
94555
-43928
-61257
3098
-69386
47602
60772
61914
24837
-86980
-16761
16897
98163
87641
52009
-17663
-70119
-72194
-85999
-40357
90877
45608
-92456
-41683
-8610
62750
78005
73446
-12678
-46142
-78465
-91035
9931
87369
-60847
-32366
-37941
27014
-70453
86896
40034
-60125
3792
-34715
-72484
82890
47622
84487
-89305
-11288
-55871
28661
-65681
78764
86978
-47202
41513
64983
-73757
55924
45930
74869
64889
-44140
62237
31131
23495
51385
-41856
-19869
38280
25267
-52904
69161
90553
-98299
-20861
38174
86188
-10165
53976
57407
45585
15384
36170
32563
68183
-95229
-75366
94426
60695
70564
-3617
-47328
53514
-41381
83804
-95903
-89997
-58053
-88683
-24628
67215
-41587
71622
57767
-39886
-49239
-76971
73392
-32315
77005
30798
-86731
-7611
94057
-27079
-39429
98828
-2445
82086
59522
95209
-21531
39283
48722
-35823
23086
52819
-98730
-7877
64136
-96269
-40663
-77451
75354
44193
-90248
53204
67222
83144
47978
-28684
-58970
61247
-9206
-64914
61258
51365
61003
-41188
-39461
20524
81110
39008
86897
29831
30275
9982
-90262
31545
-97896
35276
88531
-49398
-62282
-40188
-39646
90922
-72966
70588
38899
-74561
-88383
-72765
16233
-53296
88493
94687
34796
74394
-44775
82410
55504
21323
69306
-87577
-48403
-20713
49252
10231
-91519
-49785
72596
24101
-89686
83914
61171
28325
38037
31758
94314
63476
-29535
-78452
-93203
-55742
37130
-98517
79054
11523
83798
61463
94116
5120
30768
33629
-16194
37145
-17120
94037
-27285
33095
-6278
96816
-66089
4036
7818
22171
59450
-54146
81019
53763
36419
-48517
75311
43216
-4259
-60471
-28212
-98117
51053
-44414
63347
-27743
-12205
-5886
-94115
71602
58348
-84146
-7273
-68938
-23962
86449
-72122
-62962
-82427
35696
59210
77024
8640
-32683
30786
-54942
-54111
-66814
15364
41630
-27285
87152
-29398
50857
69827
-66052
-76886
-42378
-44848
56089
-70777
-86501
71944
-50961
-55438
-52019
62578
-27560
-14980
80151
35225
71319
5873
22707
69918
-85929
38856
15577
35831
-36119
16298
-90636
2437
18064
-70034
-72209
91059
99010
58295
19013
-47287
-66549
88229
58547
-1828
-5329
39092
77055
27716
22298
-59818
-57183
-82152
-26856
-7387
87766
-12784
-68532
-69569
50136
-4651
46729
-13411
24875
-35208
16555
-20244
-44150
-57347
65140
1953
-4633
98591
-9819
81003
-76149
11941
20094
-99094
-60344
-57609
68178
-90438
87329
-58678
-70736
75095
-44373
87823
32615
32852
-89740
-20656
-80560
-37775
-28775
35995
41981
27076
78648
7120
56118
-98897
-67200
73388
82107
-43349
-14671
-70711
84647
-47926
98771
52825
88727
86099
21236
-82010
-11718
3952
32902
47987
-63197
43163
-72670
-43757
-94613
-74356
19327
-25543
-20191
-2026
8666
-64074
-73833
41466
-90686
35363
25207
-5357
64652
-63058
-26194
-9489
89767
89622
-96301
-61909
34702
-8019
42043
-32397
67057
78846
37855
94387
-64912
-29669
47121
-18496
44788
-73071
79479
-46546
-37144
32735
22009
99260
-31903
74305
-79009
59838
-88753
-5203
-49651
-98987
-15581
-45952
66195
-80880
-26882
8237
-86188
-59825
-85828
51668
61651
76350
-78002
8771
-42146
-6124
35701
-62668
-25581
25646
-2844
96428
24905
65253
70733
45896
25090
81980
67782
75439
10082
79290
56576
-23724
98410
-70306
11603
39312
96959
25775
-9021
58609
2124
-59934
94470
59978
33942
-42741
24399
-91640
82905
-78446
31878
-65102
86807
2610
7883
-61014
-88322
-24336
-85576
-51151
-45046
-1910
-47785
80453
27784
63818
19764
24742
-10408
37832
-89561
18805
77899
-95092
-21217
-61071
89257
30271
-52710
51826
79168
34148
-34279
-91134
69120
4707
47634
71874
19132
96483
53917
-82779
-51303
-38542
-27906
-87486
81223
23925
-70805
-53857
-38547
48001
51131
93452
53873
90061
82708
-15857
64440
-18042
-64032
-29304
43195
1690
-20438
-60596
33486
-72805
-88723
-47383
50767
65194
96928
99465
-73349
96111
39068
34963
-52876
68264
8196
8578
-56647
-40674
2029
97226
-50614
-15264
-18632
-86175
-6217
-55574
-15479
64068
-26795
-8828
-96529
-93310
-54544
41838
86398
96224
7031
10414
95688
-39229
6525
34755
22824
53649
-69893
-68981
89316
-26540
-9655
-8656
97775
-33179
3170
-93768
-92265
24042
77748
-7743
-11891
-49048
10518
-81331
84732
55975
60507
71129
52198
94627
-91368
-25026
82488
15157
36818
5311
95895
66926
36330
12300
67475
53764
-96357
65250
-79416
-66098
-1429
-71680
57945
-23682
-52334
73143
27270
58184
18902
-60910
-58753
-20592
-89781
20534
-98876
-81149
95508
83612
-38903
32326
-11078
84081
-73660
52341
-76531
93815
6104
-72887
-13847
-46222
88105
84724
-90813
-26862
88131
83943
73371
-57511
42126
-7728
-18420
10463
-1231
-81112
-69004
-62261
-73496
-16496
-74075
-14081
72426
37095
12259
-48145
60565
-66838
-14951
14767
-53595
38827
-70040
58218
-24897
3099
46349
-40955
-23531
88838
28260
-4170
-29583
-61278
94599
-10695
96809
-5508
-45867
-76688
77996
-92853
-63680
-22489
-28668
-24332
29366
58986
-64081
-85586
-26248
-17676
-19670
3712
67632
-17478
33900
13980
41567
37458
2817
96917
-66713
-64362
-72114
16718
-67554
22378
70852
82848
-72538
5088
46257
4973
76420
-78076
61429
-37506
84934
2932
36246
-32743
10352
67048
-65112
92874
-71964
-24043
-38470
65495
5864
-41554
98782
-93813
-78827
53757
-50006
80710
-96777
47935
63557
57776
-46977
-63097
89838
56532
85917
51266
-80974
70850
81288
-17639
65197
-8361
76498
27174
-88399
-95466
-96869
-26869
70029
-63916
-41334
-4101
69361
-20160
76746
-80646
-39451
79969
67290
51195
37744
47402
88098
27582
3933
74015
-94064
-49952
-28047
87224
-40501
-62851
-94049
-64004
-8587
-82447
-59470
-78367
-82227
37648
-42283
-23560
60637
-72923
56280
37382
-53569
43918
-55561
40810
-4888
9273
-11789
-89701
63944
19234
11403
-3031
69282
83356
-15807
55870
47595
-82767
91867
-60993
-65214
59486
87730
79650
-2866
-54554
-43911
84860
99613
39458
-50670
73133
-89536
-79142
13943
-67335
30131
-97847
-57036
-78837
21387
54367
18133
-82242
-35188
29415
73628
39496
46648
-7417
5592
8524
-47931
-6679
-11827
-23708
-34144
-28649
88241
-34532
37898
-62430
-61400
48362
-41572
52543
81027
88560
-18214
-76009
36812
30262
5447
-45056
-24891
-2652
84359
75827
-63157
31007
-31591
-30476
-60470
-52433
62845
-45208
23859
-71300
26143
12099
-78743
-35960
-23242
-40142
-87599
35187
39490
20517
-49165
-78725
-28403
87647
-21373
4134
69681
53736
-98519
54039
-43349
65415
-87866
25061
-65062
78754
97784
-66455
50666
53573
59688
-37236
74831
50817
-33388
61778
-9693
-98202
1267
-89176
79723
-50368
-17579
-5542
-44652
86555
-35862
-90917
88037
45267
92825
-19460
57401
-55026
15478
36155
44691
-59650
-3211
-4644
93924
-43523
-14790
-4157
-92707
51822
-42380
-75310
-19291
58887
-64486
87521
35608
17935
-18022
90956
-68421
-26794
27129
46705
-81528
19953
-72756
2962
64927
42722
66206
-63294
83073
-37005
32063
4085
19472
-82728
99928
-46146
-3817
84637
-21456
3981
43523
-58853
-8499
-93780
59083
97176
17751
73774
-48607
-35545
19335
-1565
-8301
49387
90451
-65580
15592
-72843
44582
78587
59220
75756
-74853
3581
75683
-93909
26853
60319
-88276
-69167
-69069
-47128
-50577
64241
39044
49991
-11495
-43206
-49146
39899
21249
-2722
-61667
-87053
-53336
-71216
74457
-10654
83031
-53872
-32068
-30661
-78117
-79831
72920
24656
53350
-73139
-87937
65074
-42306
70084
45035
-65794
34324
-15922
11286
-77171
-32039
62140
-10183
16299
86508
-44761
-43665
60261
-88888
-69208
-50394
94143
-95991
-55372
-36519
-74108
91887
63490
-22363
45236
90351
-10299
10309
75134
86874
-44656
-90661
21198
-33489
20626
-28884
-38438
-90146
-11978
77861
23451
43261
-65804
-16288
54374
92078
-39593
-24395
96087
-67876
39087
49068
-75990
-70335
-73295
69246
-79984
-56505
-93356
22239
-69632
89078
31579
-21345
82678
79294
49771
-55761
16237
-62208
-77900
-60312
8143
83386
-49511
89606
75463
10896
-34790
71549
43021
31386
20616
67031
61052
-25590
-36634
8157
17905
-29990
-69605
-24637
86177
-10937
54018
68854
95446
3789
-86907
11683
-31330
62283
-21540
76813
45668
28949
66418
21130
-60156
58718
-80233
9954
-9897
-32528
-95926
-48846
41883
-32560
59311
86877
-35461
16796
-37761
-49285
-94142
-83743
-80432
-98696
-52865
-67339
12987
15805
94944
91447
-80293
-32300
-52516
13214
88830
-12672
-28069
-91404
24372
62035
-96842
28446
40278
45041
95886
-73322
31917
-39576
43474
94157
-61772
49332
37503
-42204
50636
84638
-82453
90712
-72469
39580
9247
-52762
-92720
56731
60453
23199
71149
59473
31796
-4480
-51404
34954
51055
88875
-92917
46940
42642
-33911
34453
-13885
-39755
72681
62536
97748
57566
-59739
9474
75113
58062
37006
14693
-32691
84244
21973
51129
-28215
-54829
-50634
58348
4056
-28025
-93057
66099
-76971
22907
-2942
-34452
66361
58600
-21248
53695
-41631
