21341
-27583
25961
-30231
-21784
-15907
28188
-6005
-39316
-20475
42111
26523
10857
-40966
27315
44252
16889
18023
36132
-7298
-45139
40153
49621
-10840
12418
-37080
-29925
12787
2616
48449
-47086
11783
-29134
-33299
-30622
36909
794
47567
18730
11478
14918
10840
25827
-24226
-42300
40969
7853
24589
46818
-6016
5118
-48322
21964
4738
-9161
-15619
-44516
48741
47168
45927
47189
-49919
7710
-31946
4610
-35086
-7211
-44597
307
-38482
-45292
3052
-39816
30535
28826
-32115
-40671
24505
-19700
-43853
6316
-26756
-42175
-21721
27982
36491
-49514
33467
35231
47654
29393
32420
-14439
24929
-11700
40171
-22330
31090
-16599
27977
-19566
25936
-18972
-9381
44297
-2319
46331
-46374
10012
14457
-40227
4154
37702
5425
-29741
-46491
-8084
-29255
-25198
-22854
6225
-7978
-2608
41787
-33050
35693
-30217
32447
-45392
41011
48251
22869
16946
17105
1314
11243
2612
-2356
-47305
-37376
-72
-37532
-45396
-12371
-44281
-25136
-8862
-2365
-4391
15941
-37392
-48166
-4211
47827
-18553
-49435
-28655
39057
33013
-24047
30068
31263
-13351
34840
-1633
37963
-3918
-11194
-14393
36604
1430
-26639
-13102
6034
10990
-7382
-31276
-10046
40253
14334
-6279
-9313
-46006
39510
-11486
23268
40076
9859
12324
23088
-26361
-7609
42177
10288
15058
28370
-1750
-38861
-32825
-28317
47744
-43569
-4956
-15359
-49708
-6140
-34915
-30984
33815
-6835
-28824
15362
33852
12997
4872
10192
-13736
32774
7878
48589
43688
31517
28806
35864
29631
-6137
-47941
15707
42830
7062
37391
-21601
-48681
20261
-49134
-10562
1948
-34048
8455
23589
9117
-32543
-11050
30795
30455
-18352
-9013
4545
-35579
48865
3133
-41892
-31793
19766
-18202
47838
-36372
21685
13544
-5716
-21254
38761
22683
17892
46849
-38624
-42670
-1204
-22672
-46389
10211
-25729
-28932
49161
-44935
-10651
-19191
33879
43895
33057
32743
34854
41166
-11224
4619
10790
-13387
18248
-17526
-12016
358
49047
14571
-26959
16939
11419
-15583
-37905
-1959
49572
-34294
-41749
-26158
-13226
-4761
16734
-36050
-36126
613
-42156
46931
21182
42698
-24078
-2215
-2683
36713
-27776
3391
7013
10208
-46252
43887
12606
14616
48652
11851
-13141
-39254
-40108
-13570
-23548
5970
48099
-48948
-10965
-47341
-34998
2909
41099
10673
37667
-49894
3371
-36412
-2109
-11486
-11873
20116
41905
45141
18150
-16521
39027
-19245
-14078
37678
42607
22781
-13750
-9675
-2962
12702
-15879
32963
-48420
23157
35622
-33417
13892
26720
-34918
1558
-35347
18453
15147
12544
-5207
-46727
-17341
24524
-13760
-49191
-41997
13093
19391
-6075
38597
49824
4532
-25154
-9852
-48431
-24626
-37904
-27641
-23045
35253
-42020
31365
36971
-27473
46447
-11471
-12820
-47274
-8498
49724
-2481
32602
20210
-27957
-31158
-41155
17873
31935
-33938
-376
20532
-34114
-45845
-16796
6034
-6448
8579
18130
15911
35534
41209
-38283
-45276
28180
-15756
-48830
4535
-40750
-8277
46037
-3199
39243
28638
-32990
-888
-14694
13682
-33016
5068
29744
16608
13426
45630
-41411
46630
39491
2141
5208
45447
-31949
28568
36656
-20231
33292
-47339
-48161
-27711
45023
-38910
14012
41059
7891
41081
-42478
-37273
-9808
-7171
26409
45003
-14277
43979
11610
49149
39609
20200
45778
-33075
10167
38813
-37629
28219
17380
-13147
-4186
38499
-10486
-2347
-1386
-15464
46570
452
13421
4460
-8467
20944
-44987
-30449
1599
31422
-35446
37322
25401
-36010
36470
-47165
34190
-29927
-30240
-5643
-41115
-17869
10402
-35908
18985
-43785
-9583
-3675
41695
39031
-31312
38265
-10518
-30065
30551
-31159
-21295
35565
-11607
30304
-45188
40774
-44549
-31961
-45237
-20253
8701
-23220
37648
28461
-41037
46533
-1581
-42809
-1549
5230
1233
38868
-10619
-7073
-34276
45896
19018
43034
-34169
37396
-38126
-5464
22960
38094
12667
-34402
28867
-44056
21465
-28543
-14308
-19835
36064
-26661
-41374
45027
7698
44872
-47783
-43851
101
3450
-17157
-22692
-15797
36395
-26796
-46779
29428
-10965
40617
-20872
-28603
-48598
-32778
34064
4827
-16085
40009
-23709
43199
13527
6457
29262
-25308
-47091
-37886
32390
47781
2158
-23635
35708
-6566
47036
842
27638
33430
24046
-31315
-49317
907
-2872
-20189
-39869
36357
34860
44195
-8817
-31225
-27971
17475
-200
-26618
11758
-20938
-1926
14667
29003
18291
-49727
-18839
44656
-26193
24595
-20483
24649
40059
-37054
36522
-41257
-36371
25255
43698
31268
35386
30054
16127
-32593
9064
34902
27263
14365
22529
-49355
-23878
-48410
36546
-21385
-31581
4836
16715
-420
37319
-21652
-25825
-33165
-9177
2060
17609
-22656
10804
-30936
-47401
42328
-49669
-24189
22382
16459
-6782
-18555
39187
-29519
-16364
11715
-28874
9758
-48869
-42329
-23801
-30449
-49666
42914
-43043
37653
9088
18959
-7686
49911
-28981
-40078
15082
31823
-21013
-44493
24150
17145
-18682
34358
21430
24537
3629
10617
45018
37265
10158
3970
34849
49117
49468
-38953
6494
49802
-8213
13451
-24720
-49126
-17590
17595
-49215
3429
-34657
15867
23078
32157
21374
35054
-698
-9482
19412
-29269
-34946
10867
-30826
-2102
-1868
-32841
-10306
20807
-33725
-10838
31855
22769
26790
-26359
-13781
-10103
12343
-43545
-4682
-49046
9884
10661
16821
-17039
-7182
26021
5842
-20054
-33462
-24747
38504
19420
-26054
-42322
-32683
-40096
-25163
7012
30712
28939
-16000
12566
39534
-1384
-25967
-24248
38513
-25798
-17792
-16170
-24844
-20082
-17682
41977
-49294
25136
-44177
6548
-44919
-27638
-30373
43585
41782
-6427
-10911
-3075
3478
-48248
-8237
-15811
-31483
-36411
-15419
-41950
12206
46441
-16197
38545
-29357
-46163
10202
-4201
-16245
42520
25603
22288
-44519
31426
-21165
-1611
-8386
-1538
29800
21222
42036
6716
-31853
33340
8468
9910
-32472
26986
23500
39936
-27138
23532
36376
6665
49903
-42982
48329
10104
2818
19911
40450
-21580
-7802
45931
-2328
21034
32146
39287
7322
11946
10508
-643
-31339
28655
-17304
-35045
26392
38051
-20233
37718
27986
2630
49076
14362
-2879
48978
-40794
33277
9082
12024
3187
37358
-21730
-16789
-28885
25943
-7929
-46740
-46945
49394
-46968
13563
-1250
9520
30045
-30727
24476
44263
-4850
-7931
31980
-26864
-17475
31055
-24676
29647
30032
-15470
-49251
26940
-15619
3936
14298
-49523
-25027
35413
-35754
17045
-23501
-32699
16438
-20468
-31309
3014
39052
48736
-39887
-48647
42998
5264
31250
-37197
-33774
-36226
-18316
-8450
-18753
-38285
-36094
-18004
-23518
36114
-26242
-21394
36592
-1268
1845
-49163
-34224
28344
5966
32214
-4298
24657
23054
22581
23392
33168
23934
-45785
-11569
43010
4845
4657
-43216
36529
-15967
25858
48244
35766
-42146
12552
21880
-18388
41158
46298
-31830
-6998
-15039
-16054
9173
40927
3986
-45126
15583
-22960
27455
26801
-1966
39216
-31158
36465
32225
23687
28948
-23165
10215
807
-47307
46286
24399
-1626
8837
-3722
29986
37822
30402
