limites :-1000 1000
311
-654
-94
997
-803
650
-600
-694
-838
limites :-1000 1000
929
-833
233
-354
-353
-56
334
-636
133
661
limites :-1000 1000
194
314
478
-588
284
572
-901
-156
137
-434
limites :-1000 1000
494
-401
-385
-982
-594
808
-395
199
757
-557
166
-768
-296
603
limites :-1000 1000
674
-671
505
-322
126
-898
893
628
-392
-564
-863
-256
-359
-213
-880
-584
773
-556
-792
limites :-1000 1000
-853
-136
766
273
-141
-972
414
limites :-1000 1000
-593
737
743
194
-586
-672
-156
293
50
97
-498
212
545
limites :-1000 1000
-665
454
733
-371
-769
-123
-979
-773
-80
-491
-731
-403
-37
limites :-1000 1000
-382
-227
-837
-12
935
-825
-894
-759
900
limites :-1000 1000
-309
-163
444
-314
-565
-644
-786
607
31
375
218
420
-970
-897
340
-407
-176
50
283
-459
-968
964
817
-750
-107
324
-283
568
271
